2024-03-26T05:50:55.150Z: [INF] : 0463b707-0703-46eb-8b80-9b9b4d10f26a | Method = POST| Body = {"email":"admin1@gmail.com"} | Params = {} | Query = 

2024-03-26T05:50:55.150Z: [REQ] : 0463b707-0703-46eb-8b80-9b9b4d10f26a | Client Address = ::1, Request URL= http://localhost:8080/api/login

2024-03-26T05:50:55.150Z: [RES] : 0463b707-0703-46eb-8b80-9b9b4d10f26a | Response Status = 201

2024-03-26T05:50:55.296Z: [REQ] : cc245fc2-a1d1-471c-adf7-c095d5cc6681 | Client Address = ::1, Request URL= http://localhost:8080/notifications/get-notification-count

2024-03-26T05:50:55.296Z: [INF] : cc245fc2-a1d1-471c-adf7-c095d5cc6681 | Method = GET| Body = {} | Params = {} | Query = 

2024-03-26T05:50:55.299Z: [REQ] : b1e87d30-0d15-4468-ad85-26199e22b6d4 | Client Address = ::1, Request URL= http://localhost:8080/users/get-course

2024-03-26T05:50:55.299Z: [INF] : b1e87d30-0d15-4468-ad85-26199e22b6d4 | Method = GET| Body = {} | Params = {} | Query = 

2024-03-26T05:50:55.302Z: [REQ] : d734d7a8-cdff-4fb7-a264-b790cb6c3c18 | Client Address = ::1, Request URL= http://localhost:8080/users/get-all?page=1&usersPerPage=5&search=&course=

2024-03-26T05:50:55.302Z: [INF] : d734d7a8-cdff-4fb7-a264-b790cb6c3c18 | Method = GET| Body = {} | Params = {} | Query = {"page":"1","usersPerPage":"5","search":"","course":""}

2024-03-26T05:50:55.299Z: [RES] : b1e87d30-0d15-4468-ad85-26199e22b6d4 | Response Status = 200

2024-03-26T05:50:55.296Z: [RES] : cc245fc2-a1d1-471c-adf7-c095d5cc6681 | Response Status = 304

2024-03-26T05:50:55.302Z: [RES] : d734d7a8-cdff-4fb7-a264-b790cb6c3c18 | Response Status = 304

2024-03-26T05:50:59.550Z: [REQ] : 9489e238-788e-46e5-93e9-637d5658df62 | Client Address = ::1, Request URL= http://localhost:8080/notifications/get-notification

2024-03-26T05:50:59.550Z: [INF] : 9489e238-788e-46e5-93e9-637d5658df62 | Method = GET| Body = {} | Params = {} | Query = 

2024-03-26T05:50:59.550Z: [RES] : 9489e238-788e-46e5-93e9-637d5658df62 | Response Status = 304

2024-03-26T05:51:01.463Z: [REQ] : 55c94f17-2fab-41bb-8555-fcc9ab3651a3 | Client Address = ::1, Request URL= http://localhost:8080/notifications/get-notification

2024-03-26T05:51:01.463Z: [INF] : 55c94f17-2fab-41bb-8555-fcc9ab3651a3 | Method = GET| Body = {} | Params = {} | Query = 

2024-03-26T05:51:01.463Z: [RES] : 55c94f17-2fab-41bb-8555-fcc9ab3651a3 | Response Status = 304

2024-03-26T06:00:06.949Z: [REQ] : 59f0a13e-4fda-4049-919a-cf9886d64d1b | Client Address = ::1, Request URL= http://localhost:8080/notifications/get-notification-count

2024-03-26T06:00:06.949Z: [INF] : 59f0a13e-4fda-4049-919a-cf9886d64d1b | Method = GET| Body = {} | Params = {} | Query = 

2024-03-26T06:00:06.949Z: [ERR] : 59f0a13e-4fda-4049-919a-cf9886d64d1b | Message = [object Object]

2024-03-26T06:00:06.949Z: [ERR] : 59f0a13e-4fda-4049-919a-cf9886d64d1b | Message = {"error":true,"message":"Authorization failed!"}

2024-03-26T06:00:06.949Z: [RES] : 59f0a13e-4fda-4049-919a-cf9886d64d1b | Response Status = 401

2024-03-26T06:00:06.949Z: [RES] : 59f0a13e-4fda-4049-919a-cf9886d64d1b | Response Status = 401

2024-03-26T06:00:06.953Z: [REQ] : ca085c5e-0399-43d8-8b42-c02b73f85100 | Client Address = ::1, Request URL= http://localhost:8080/users/get-all?page=1&usersPerPage=5&search=&course=

2024-03-26T06:00:06.953Z: [INF] : ca085c5e-0399-43d8-8b42-c02b73f85100 | Method = GET| Body = {} | Params = {} | Query = {"page":"1","usersPerPage":"5","search":"","course":""}

2024-03-26T06:00:06.953Z: [ERR] : ca085c5e-0399-43d8-8b42-c02b73f85100 | Message = [object Object]

2024-03-26T06:00:06.953Z: [ERR] : ca085c5e-0399-43d8-8b42-c02b73f85100 | Message = {"error":true,"message":"Authorization failed!"}

2024-03-26T06:00:06.953Z: [RES] : ca085c5e-0399-43d8-8b42-c02b73f85100 | Response Status = 401

2024-03-26T06:00:06.953Z: [RES] : ca085c5e-0399-43d8-8b42-c02b73f85100 | Response Status = 401

2024-03-26T06:00:06.957Z: [REQ] : 90166415-00cd-43ae-bc0d-f4093cb5672e | Client Address = ::1, Request URL= http://localhost:8080/users/get-course

2024-03-26T06:00:06.957Z: [INF] : 90166415-00cd-43ae-bc0d-f4093cb5672e | Method = GET| Body = {} | Params = {} | Query = 

2024-03-26T06:00:06.957Z: [ERR] : 90166415-00cd-43ae-bc0d-f4093cb5672e | Message = [object Object]

2024-03-26T06:00:06.957Z: [ERR] : 90166415-00cd-43ae-bc0d-f4093cb5672e | Message = {"error":true,"message":"Authorization failed!"}

2024-03-26T06:00:06.957Z: [RES] : 90166415-00cd-43ae-bc0d-f4093cb5672e | Response Status = 401

2024-03-26T06:00:06.957Z: [RES] : 90166415-00cd-43ae-bc0d-f4093cb5672e | Response Status = 401

2024-03-26T06:00:06.965Z: [REQ] : e19a634d-2dee-402a-8e58-cc2afdff595f | Client Address = ::1, Request URL= http://localhost:8080/api/refresh-token/

2024-03-26T06:00:06.965Z: [INF] : e19a634d-2dee-402a-8e58-cc2afdff595f | Method = POST| Body = {} | Params = {} | Query = 

2024-03-26T06:00:06.965Z: [ERR] : e19a634d-2dee-402a-8e58-cc2afdff595f | Message = [object Object]

2024-03-26T06:00:06.965Z: [ERR] : e19a634d-2dee-402a-8e58-cc2afdff595f | Message = {"error":true,"message":"Refresh token is expired or invalid"}

2024-03-26T06:00:06.965Z: [RES] : e19a634d-2dee-402a-8e58-cc2afdff595f | Response Status = 401

2024-03-26T06:00:06.965Z: [RES] : e19a634d-2dee-402a-8e58-cc2afdff595f | Response Status = 401

2024-03-26T06:00:06.968Z: [REQ] : ad390840-4b9d-43d9-8533-ecf086fd5ead | Client Address = ::1, Request URL= http://localhost:8080/api/refresh-token/

2024-03-26T06:00:06.968Z: [INF] : ad390840-4b9d-43d9-8533-ecf086fd5ead | Method = POST| Body = {} | Params = {} | Query = 

2024-03-26T06:00:06.968Z: [ERR] : ad390840-4b9d-43d9-8533-ecf086fd5ead | Message = [object Object]

2024-03-26T06:00:06.968Z: [ERR] : ad390840-4b9d-43d9-8533-ecf086fd5ead | Message = {"error":true,"message":"Refresh token is expired or invalid"}

2024-03-26T06:00:06.968Z: [RES] : ad390840-4b9d-43d9-8533-ecf086fd5ead | Response Status = 401

2024-03-26T06:00:06.968Z: [RES] : ad390840-4b9d-43d9-8533-ecf086fd5ead | Response Status = 401

2024-03-26T06:07:45.488Z: [REQ] : 61e9994b-a6d9-4371-ada8-b459f6d663a7 | Client Address = ::1, Request URL= http://localhost:8080/api/login

2024-03-26T06:07:45.488Z: [INF] : 61e9994b-a6d9-4371-ada8-b459f6d663a7 | Method = POST| Body = {"email":"admin1@gmail.com"} | Params = {} | Query = 

2024-03-26T06:07:45.488Z: [RES] : 61e9994b-a6d9-4371-ada8-b459f6d663a7 | Response Status = 201

2024-03-26T06:07:45.594Z: [REQ] : cf6f8a91-a35a-43f0-bc40-316b10a4ba13 | Client Address = ::1, Request URL= http://localhost:8080/notifications/get-notification-count

2024-03-26T06:07:45.594Z: [INF] : cf6f8a91-a35a-43f0-bc40-316b10a4ba13 | Method = GET| Body = {} | Params = {} | Query = 

2024-03-26T06:07:45.594Z: [RES] : cf6f8a91-a35a-43f0-bc40-316b10a4ba13 | Response Status = 304

2024-03-26T06:07:45.611Z: [REQ] : 39498002-f2a6-4e69-a7c6-1d77908abfa3 | Client Address = ::1, Request URL= http://localhost:8080/users/get-all?page=1&usersPerPage=5&search=&course=

2024-03-26T06:07:45.611Z: [INF] : 39498002-f2a6-4e69-a7c6-1d77908abfa3 | Method = GET| Body = {} | Params = {} | Query = {"page":"1","usersPerPage":"5","search":"","course":""}

2024-03-26T06:07:45.613Z: [REQ] : ef94c619-6246-4e50-ae1e-a01091e9479f | Client Address = ::1, Request URL= http://localhost:8080/users/get-course

2024-03-26T06:07:45.613Z: [INF] : ef94c619-6246-4e50-ae1e-a01091e9479f | Method = GET| Body = {} | Params = {} | Query = 

2024-03-26T06:07:45.613Z: [RES] : ef94c619-6246-4e50-ae1e-a01091e9479f | Response Status = 304

2024-03-26T06:07:45.611Z: [RES] : 39498002-f2a6-4e69-a7c6-1d77908abfa3 | Response Status = 304

2024-03-26T06:07:59.700Z: [REQ] : 681d0d3b-88c5-4189-a356-afc41be273e4 | Client Address = ::1, Request URL= http://localhost:8080/notifications/get-notification-count

2024-03-26T06:07:59.700Z: [INF] : 681d0d3b-88c5-4189-a356-afc41be273e4 | Method = GET| Body = {} | Params = {} | Query = 

2024-03-26T06:07:59.706Z: [REQ] : 2c0383b9-126d-4008-9081-591c35ffffed | Client Address = ::1, Request URL= http://localhost:8080/users/get-all?page=1&usersPerPage=5&search=&course=

2024-03-26T06:07:59.706Z: [INF] : 2c0383b9-126d-4008-9081-591c35ffffed | Method = GET| Body = {} | Params = {} | Query = {"page":"1","usersPerPage":"5","search":"","course":""}

2024-03-26T06:07:59.709Z: [REQ] : 26e6c690-81e5-471a-bcda-2668cc91106f | Client Address = ::1, Request URL= http://localhost:8080/users/get-course

2024-03-26T06:07:59.709Z: [INF] : 26e6c690-81e5-471a-bcda-2668cc91106f | Method = GET| Body = {} | Params = {} | Query = 

2024-03-26T06:07:59.709Z: [RES] : 26e6c690-81e5-471a-bcda-2668cc91106f | Response Status = 304

2024-03-26T06:07:59.700Z: [RES] : 681d0d3b-88c5-4189-a356-afc41be273e4 | Response Status = 304

2024-03-26T06:07:59.706Z: [RES] : 2c0383b9-126d-4008-9081-591c35ffffed | Response Status = 304

2024-03-26T06:08:45.675Z: [REQ] : c1bf7dc8-e5e4-4e96-8a4f-ecdb241af53d | Client Address = ::1, Request URL= http://localhost:8080/notifications/get-notification-count

2024-03-26T06:08:45.675Z: [INF] : c1bf7dc8-e5e4-4e96-8a4f-ecdb241af53d | Method = GET| Body = {} | Params = {} | Query = 

2024-03-26T06:08:45.675Z: [RES] : c1bf7dc8-e5e4-4e96-8a4f-ecdb241af53d | Response Status = 304

2024-03-26T06:08:51.070Z: [REQ] : eb139990-f420-4adf-9114-b843edc35789 | Client Address = ::1, Request URL= http://localhost:8080/notifications/get-notification-count

2024-03-26T06:08:51.070Z: [INF] : eb139990-f420-4adf-9114-b843edc35789 | Method = GET| Body = {} | Params = {} | Query = 

2024-03-26T06:08:51.070Z: [RES] : eb139990-f420-4adf-9114-b843edc35789 | Response Status = 304

2024-03-26T06:08:51.082Z: [REQ] : 2dba7e7b-31d4-4456-b8a4-24da1c4b7d0e | Client Address = ::1, Request URL= http://localhost:8080/users/get-all?page=1&usersPerPage=5&search=&course=

2024-03-26T06:08:51.086Z: [REQ] : bc04522a-c875-45b3-ae48-2d1048f83577 | Client Address = ::1, Request URL= http://localhost:8080/users/get-course

2024-03-26T06:08:51.082Z: [INF] : 2dba7e7b-31d4-4456-b8a4-24da1c4b7d0e | Method = GET| Body = {} | Params = {} | Query = {"page":"1","usersPerPage":"5","search":"","course":""}

2024-03-26T06:08:51.086Z: [INF] : bc04522a-c875-45b3-ae48-2d1048f83577 | Method = GET| Body = {} | Params = {} | Query = 

2024-03-26T06:08:51.086Z: [RES] : bc04522a-c875-45b3-ae48-2d1048f83577 | Response Status = 304

2024-03-26T06:08:51.082Z: [RES] : 2dba7e7b-31d4-4456-b8a4-24da1c4b7d0e | Response Status = 304

2024-03-26T06:09:17.083Z: [REQ] : 6c4a7217-6111-4fcc-8900-2ab2b65bcb63 | Client Address = ::1, Request URL= http://localhost:8080/notifications/get-notification-count

2024-03-26T06:09:17.083Z: [INF] : 6c4a7217-6111-4fcc-8900-2ab2b65bcb63 | Method = GET| Body = {} | Params = {} | Query = 

2024-03-26T06:09:17.083Z: [RES] : 6c4a7217-6111-4fcc-8900-2ab2b65bcb63 | Response Status = 304

2024-03-26T06:09:18.953Z: [REQ] : 0bd2e1a4-bf8c-41b5-a8f3-60b4daf15f06 | Client Address = ::1, Request URL= http://localhost:8080/notifications/get-notification-count

2024-03-26T06:09:18.953Z: [INF] : 0bd2e1a4-bf8c-41b5-a8f3-60b4daf15f06 | Method = GET| Body = {} | Params = {} | Query = 

2024-03-26T06:09:18.953Z: [RES] : 0bd2e1a4-bf8c-41b5-a8f3-60b4daf15f06 | Response Status = 304

2024-03-26T06:09:18.969Z: [REQ] : 78678008-3ad6-42fb-b2b6-b3c4bf5a54d1 | Client Address = ::1, Request URL= http://localhost:8080/users/get-all?page=1&usersPerPage=5&search=&course=

2024-03-26T06:09:18.969Z: [INF] : 78678008-3ad6-42fb-b2b6-b3c4bf5a54d1 | Method = GET| Body = {} | Params = {} | Query = {"page":"1","usersPerPage":"5","search":"","course":""}

2024-03-26T06:09:18.969Z: [RES] : 78678008-3ad6-42fb-b2b6-b3c4bf5a54d1 | Response Status = 304

2024-03-26T06:09:18.983Z: [REQ] : faa90633-8de0-4fc3-962d-340b468428e2 | Client Address = ::1, Request URL= http://localhost:8080/users/get-course

2024-03-26T06:09:18.983Z: [INF] : faa90633-8de0-4fc3-962d-340b468428e2 | Method = GET| Body = {} | Params = {} | Query = 

2024-03-26T06:09:18.983Z: [RES] : faa90633-8de0-4fc3-962d-340b468428e2 | Response Status = 304

2024-03-26T06:11:00.675Z: [REQ] : 08eef1d6-b783-4e4b-8331-01a7e3e2e351 | Client Address = ::1, Request URL= http://localhost:8080/notifications/get-notification-count

2024-03-26T06:11:00.675Z: [INF] : 08eef1d6-b783-4e4b-8331-01a7e3e2e351 | Method = GET| Body = {} | Params = {} | Query = 

2024-03-26T06:11:00.675Z: [RES] : 08eef1d6-b783-4e4b-8331-01a7e3e2e351 | Response Status = 304

2024-03-26T06:11:12.664Z: [REQ] : 16178631-bf83-4b2f-bb9e-5565bdb06df7 | Client Address = ::1, Request URL= http://localhost:8080/notifications/get-notification-count

2024-03-26T06:11:12.664Z: [INF] : 16178631-bf83-4b2f-bb9e-5565bdb06df7 | Method = GET| Body = {} | Params = {} | Query = 

2024-03-26T06:11:12.664Z: [RES] : 16178631-bf83-4b2f-bb9e-5565bdb06df7 | Response Status = 304

2024-03-26T06:11:16.487Z: [REQ] : 222279f9-291c-469f-b068-dec8079b86a5 | Client Address = ::1, Request URL= http://localhost:8080/notifications/get-notification-count

2024-03-26T06:11:16.487Z: [INF] : 222279f9-291c-469f-b068-dec8079b86a5 | Method = GET| Body = {} | Params = {} | Query = 

2024-03-26T06:11:16.487Z: [RES] : 222279f9-291c-469f-b068-dec8079b86a5 | Response Status = 304

2024-03-26T06:11:16.502Z: [REQ] : be590d53-64bf-4904-a6f8-fdd354801b90 | Client Address = ::1, Request URL= http://localhost:8080/users/get-all?page=1&usersPerPage=5&search=&course=

2024-03-26T06:11:16.502Z: [INF] : be590d53-64bf-4904-a6f8-fdd354801b90 | Method = GET| Body = {} | Params = {} | Query = {"page":"1","usersPerPage":"5","search":"","course":""}

2024-03-26T06:11:16.506Z: [REQ] : 24f057d3-196c-44dc-866a-0720ace3bd43 | Client Address = ::1, Request URL= http://localhost:8080/users/get-course

2024-03-26T06:11:16.506Z: [INF] : 24f057d3-196c-44dc-866a-0720ace3bd43 | Method = GET| Body = {} | Params = {} | Query = 

2024-03-26T06:11:16.506Z: [RES] : 24f057d3-196c-44dc-866a-0720ace3bd43 | Response Status = 304

2024-03-26T06:11:16.502Z: [RES] : be590d53-64bf-4904-a6f8-fdd354801b90 | Response Status = 304

2024-03-26T06:11:59.903Z: [REQ] : d03371fd-9e32-4ec8-b9ae-e4175c302fb1 | Client Address = ::1, Request URL= http://localhost:8080/notifications/get-notification-count

2024-03-26T06:11:59.903Z: [INF] : d03371fd-9e32-4ec8-b9ae-e4175c302fb1 | Method = GET| Body = {} | Params = {} | Query = 

2024-03-26T06:11:59.903Z: [RES] : d03371fd-9e32-4ec8-b9ae-e4175c302fb1 | Response Status = 304

2024-03-26T06:12:01.685Z: [REQ] : 948aedd7-d246-4ddc-8d74-e0c07667e464 | Client Address = ::1, Request URL= http://localhost:8080/notifications/get-notification-count

2024-03-26T06:12:01.685Z: [INF] : 948aedd7-d246-4ddc-8d74-e0c07667e464 | Method = GET| Body = {} | Params = {} | Query = 

2024-03-26T06:12:01.685Z: [RES] : 948aedd7-d246-4ddc-8d74-e0c07667e464 | Response Status = 304

2024-03-26T06:12:01.700Z: [REQ] : 8a11fd39-c588-4174-90fd-38b78836e7d4 | Client Address = ::1, Request URL= http://localhost:8080/users/get-all?page=1&usersPerPage=5&search=&course=

2024-03-26T06:12:01.700Z: [INF] : 8a11fd39-c588-4174-90fd-38b78836e7d4 | Method = GET| Body = {} | Params = {} | Query = {"page":"1","usersPerPage":"5","search":"","course":""}

2024-03-26T06:12:01.703Z: [REQ] : b95f203c-e575-4bca-aa5f-5a169e0c13e6 | Client Address = ::1, Request URL= http://localhost:8080/users/get-course

2024-03-26T06:12:01.703Z: [INF] : b95f203c-e575-4bca-aa5f-5a169e0c13e6 | Method = GET| Body = {} | Params = {} | Query = 

2024-03-26T06:12:01.703Z: [RES] : b95f203c-e575-4bca-aa5f-5a169e0c13e6 | Response Status = 304

2024-03-26T06:12:01.700Z: [RES] : 8a11fd39-c588-4174-90fd-38b78836e7d4 | Response Status = 304

2024-03-26T06:12:32.524Z: [REQ] : 6a588755-4438-4bc5-9c4a-020eb9caca06 | Client Address = ::1, Request URL= http://localhost:8080/notifications/get-notification-count

2024-03-26T06:12:32.524Z: [INF] : 6a588755-4438-4bc5-9c4a-020eb9caca06 | Method = GET| Body = {} | Params = {} | Query = 

2024-03-26T06:12:32.524Z: [RES] : 6a588755-4438-4bc5-9c4a-020eb9caca06 | Response Status = 304

2024-03-26T06:12:34.963Z: [REQ] : 2f2d5bd0-7a8c-4cb4-af97-8ec905fbe946 | Client Address = ::1, Request URL= http://localhost:8080/notifications/get-notification-count

2024-03-26T06:12:34.963Z: [INF] : 2f2d5bd0-7a8c-4cb4-af97-8ec905fbe946 | Method = GET| Body = {} | Params = {} | Query = 

2024-03-26T06:12:34.963Z: [RES] : 2f2d5bd0-7a8c-4cb4-af97-8ec905fbe946 | Response Status = 304

2024-03-26T06:12:34.979Z: [REQ] : c26191fa-1ca5-4177-9465-7ba023d583bd | Client Address = ::1, Request URL= http://localhost:8080/users/get-all?page=1&usersPerPage=5&search=&course=

2024-03-26T06:12:34.979Z: [INF] : c26191fa-1ca5-4177-9465-7ba023d583bd | Method = GET| Body = {} | Params = {} | Query = {"page":"1","usersPerPage":"5","search":"","course":""}

2024-03-26T06:12:34.979Z: [RES] : c26191fa-1ca5-4177-9465-7ba023d583bd | Response Status = 304

2024-03-26T06:12:34.989Z: [REQ] : 59e3fba2-49f3-4e58-bfa2-726eb97099d8 | Client Address = ::1, Request URL= http://localhost:8080/users/get-course

2024-03-26T06:12:34.989Z: [INF] : 59e3fba2-49f3-4e58-bfa2-726eb97099d8 | Method = GET| Body = {} | Params = {} | Query = 

2024-03-26T06:12:34.989Z: [RES] : 59e3fba2-49f3-4e58-bfa2-726eb97099d8 | Response Status = 304

2024-03-26T06:12:38.761Z: [REQ] : c382731d-202c-46c5-b54a-1de96d4a4f1d | Client Address = ::1, Request URL= http://localhost:8080/notifications/get-notification

2024-03-26T06:12:38.761Z: [INF] : c382731d-202c-46c5-b54a-1de96d4a4f1d | Method = GET| Body = {} | Params = {} | Query = 

2024-03-26T06:12:38.761Z: [RES] : c382731d-202c-46c5-b54a-1de96d4a4f1d | Response Status = 304

2024-03-26T06:14:07.681Z: [REQ] : 4ff4ff69-9bcd-453d-a6a6-dae30a56e889 | Client Address = ::1, Request URL= http://localhost:8080/notifications/get-notification

2024-03-26T06:14:07.681Z: [INF] : 4ff4ff69-9bcd-453d-a6a6-dae30a56e889 | Method = GET| Body = {} | Params = {} | Query = 

2024-03-26T06:14:07.681Z: [ERR] : 4ff4ff69-9bcd-453d-a6a6-dae30a56e889 | Message = [object Object]

2024-03-26T06:14:07.681Z: [ERR] : 4ff4ff69-9bcd-453d-a6a6-dae30a56e889 | Message = {"error":true,"message":"Authorization failed!"}

2024-03-26T06:14:07.681Z: [RES] : 4ff4ff69-9bcd-453d-a6a6-dae30a56e889 | Response Status = 401

2024-03-26T06:14:07.681Z: [RES] : 4ff4ff69-9bcd-453d-a6a6-dae30a56e889 | Response Status = 401

2024-03-26T06:14:07.686Z: [REQ] : b52f8788-0dc1-4686-8c44-229dae47dde5 | Client Address = ::1, Request URL= http://localhost:8080/notifications/get-notification-count

2024-03-26T06:14:07.686Z: [INF] : b52f8788-0dc1-4686-8c44-229dae47dde5 | Method = GET| Body = {} | Params = {} | Query = 

2024-03-26T06:14:07.686Z: [ERR] : b52f8788-0dc1-4686-8c44-229dae47dde5 | Message = [object Object]

2024-03-26T06:14:07.686Z: [ERR] : b52f8788-0dc1-4686-8c44-229dae47dde5 | Message = {"error":true,"message":"Authorization failed!"}

2024-03-26T06:14:07.686Z: [RES] : b52f8788-0dc1-4686-8c44-229dae47dde5 | Response Status = 401

2024-03-26T06:14:07.686Z: [RES] : b52f8788-0dc1-4686-8c44-229dae47dde5 | Response Status = 401

2024-03-26T06:14:07.699Z: [REQ] : 1d9b68be-520e-4529-8d6e-b06c402c6a42 | Client Address = ::1, Request URL= http://localhost:8080/api/refresh-token/

2024-03-26T06:14:07.699Z: [INF] : 1d9b68be-520e-4529-8d6e-b06c402c6a42 | Method = POST| Body = {} | Params = {} | Query = 

2024-03-26T06:14:07.701Z: [REQ] : 46d7615a-9344-45b2-9aff-58b9d7a4dccf | Client Address = ::1, Request URL= http://localhost:8080/api/refresh-token/

2024-03-26T06:14:07.701Z: [INF] : 46d7615a-9344-45b2-9aff-58b9d7a4dccf | Method = POST| Body = {} | Params = {} | Query = 

2024-03-26T06:14:07.699Z: [RES] : 1d9b68be-520e-4529-8d6e-b06c402c6a42 | Response Status = 200

2024-03-26T06:14:07.701Z: [RES] : 46d7615a-9344-45b2-9aff-58b9d7a4dccf | Response Status = 200

2024-03-26T06:14:07.721Z: [REQ] : f5e17084-f739-4122-8bb5-7906275dbf25 | Client Address = ::1, Request URL= http://localhost:8080/notifications/get-notification

2024-03-26T06:14:07.721Z: [INF] : f5e17084-f739-4122-8bb5-7906275dbf25 | Method = GET| Body = {} | Params = {} | Query = 

2024-03-26T06:14:07.721Z: [ERR] : f5e17084-f739-4122-8bb5-7906275dbf25 | Message = [object Object]

2024-03-26T06:14:07.721Z: [ERR] : f5e17084-f739-4122-8bb5-7906275dbf25 | Message = {"error":true,"message":"Authorization failed!"}

2024-03-26T06:14:07.721Z: [RES] : f5e17084-f739-4122-8bb5-7906275dbf25 | Response Status = 401

2024-03-26T06:14:07.721Z: [RES] : f5e17084-f739-4122-8bb5-7906275dbf25 | Response Status = 401

2024-03-26T06:14:07.735Z: [REQ] : ff8d425a-7468-4031-88a9-8dd7976c1f93 | Client Address = ::1, Request URL= http://localhost:8080/notifications/get-notification-count

2024-03-26T06:14:07.735Z: [INF] : ff8d425a-7468-4031-88a9-8dd7976c1f93 | Method = GET| Body = {} | Params = {} | Query = 

2024-03-26T06:14:07.735Z: [ERR] : ff8d425a-7468-4031-88a9-8dd7976c1f93 | Message = [object Object]

2024-03-26T06:14:07.735Z: [ERR] : ff8d425a-7468-4031-88a9-8dd7976c1f93 | Message = {"error":true,"message":"Authorization failed!"}

2024-03-26T06:14:07.735Z: [RES] : ff8d425a-7468-4031-88a9-8dd7976c1f93 | Response Status = 401

2024-03-26T06:14:07.735Z: [RES] : ff8d425a-7468-4031-88a9-8dd7976c1f93 | Response Status = 401

2024-03-26T06:16:41.859Z: [INF] : f33ff727-9512-4585-87bd-7d9a80b476ef | Method = POST| Body = {"email":"admin1@gmail.com"} | Params = {} | Query = 

2024-03-26T06:16:41.859Z: [REQ] : f33ff727-9512-4585-87bd-7d9a80b476ef | Client Address = ::1, Request URL= http://localhost:8080/api/login

2024-03-26T06:16:41.859Z: [RES] : f33ff727-9512-4585-87bd-7d9a80b476ef | Response Status = 201

2024-03-26T06:16:42.004Z: [REQ] : 13561b58-6bc8-43a1-965a-e5f0c485f510 | Client Address = ::1, Request URL= http://localhost:8080/notifications/get-notification-count

2024-03-26T06:16:42.004Z: [INF] : 13561b58-6bc8-43a1-965a-e5f0c485f510 | Method = GET| Body = {} | Params = {} | Query = 

2024-03-26T06:16:42.004Z: [RES] : 13561b58-6bc8-43a1-965a-e5f0c485f510 | Response Status = 304

2024-03-26T06:16:42.017Z: [REQ] : 3b801c77-55e9-4bc9-a4a3-8b81940a3ac1 | Client Address = ::1, Request URL= http://localhost:8080/notifications/get-notification

2024-03-26T06:16:42.017Z: [INF] : 3b801c77-55e9-4bc9-a4a3-8b81940a3ac1 | Method = GET| Body = {} | Params = {} | Query = 

2024-03-26T06:16:42.024Z: [REQ] : 1d5657e1-eb5b-42f9-b225-c7ac79cded05 | Client Address = ::1, Request URL= http://localhost:8080/users/get-all?page=1&usersPerPage=5&search=&course=

2024-03-26T06:16:42.024Z: [INF] : 1d5657e1-eb5b-42f9-b225-c7ac79cded05 | Method = GET| Body = {} | Params = {} | Query = {"page":"1","usersPerPage":"5","search":"","course":""}

2024-03-26T06:16:42.026Z: [REQ] : d946df00-7a49-4367-8ac6-5fd05effbd89 | Client Address = ::1, Request URL= http://localhost:8080/users/get-course

2024-03-26T06:16:42.026Z: [INF] : d946df00-7a49-4367-8ac6-5fd05effbd89 | Method = GET| Body = {} | Params = {} | Query = 

2024-03-26T06:16:42.026Z: [RES] : d946df00-7a49-4367-8ac6-5fd05effbd89 | Response Status = 304

2024-03-26T06:16:42.017Z: [RES] : 3b801c77-55e9-4bc9-a4a3-8b81940a3ac1 | Response Status = 304

2024-03-26T06:16:42.024Z: [RES] : 1d5657e1-eb5b-42f9-b225-c7ac79cded05 | Response Status = 304

2024-03-26T06:17:30.290Z: [INF] : 11144cf3-5de8-4fb2-8ed0-f4ef63643f90 | Method = GET| Body = {} | Params = {} | Query = 

2024-03-26T06:17:30.290Z: [REQ] : 11144cf3-5de8-4fb2-8ed0-f4ef63643f90 | Client Address = ::1, Request URL= http://localhost:8080/notifications/get-notification-count

2024-03-26T06:17:30.294Z: [REQ] : 83dbdd20-1bbe-445b-9dae-f0ce2fac18a4 | Client Address = ::1, Request URL= http://localhost:8080/notifications/get-notification

2024-03-26T06:17:30.294Z: [INF] : 83dbdd20-1bbe-445b-9dae-f0ce2fac18a4 | Method = GET| Body = {} | Params = {} | Query = 

2024-03-26T06:17:30.301Z: [REQ] : 842909fc-1247-4a6f-9153-b8e6265f99d1 | Client Address = ::1, Request URL= http://localhost:8080/users/get-all?page=1&usersPerPage=5&search=&course=

2024-03-26T06:17:30.301Z: [INF] : 842909fc-1247-4a6f-9153-b8e6265f99d1 | Method = GET| Body = {} | Params = {} | Query = {"page":"1","usersPerPage":"5","search":"","course":""}

2024-03-26T06:17:30.303Z: [REQ] : f7266f5a-94da-40dd-8cb5-e121d54499da | Client Address = ::1, Request URL= http://localhost:8080/users/get-course

2024-03-26T06:17:30.303Z: [INF] : f7266f5a-94da-40dd-8cb5-e121d54499da | Method = GET| Body = {} | Params = {} | Query = 

2024-03-26T06:17:30.290Z: [RES] : 11144cf3-5de8-4fb2-8ed0-f4ef63643f90 | Response Status = 304

2024-03-26T06:17:30.303Z: [RES] : f7266f5a-94da-40dd-8cb5-e121d54499da | Response Status = 304

2024-03-26T06:17:30.294Z: [RES] : 83dbdd20-1bbe-445b-9dae-f0ce2fac18a4 | Response Status = 304

2024-03-26T06:17:30.301Z: [RES] : 842909fc-1247-4a6f-9153-b8e6265f99d1 | Response Status = 304

2024-03-26T06:17:55.176Z: [REQ] : c50f3930-49bd-41d8-b8b0-dac5cca2d849 | Client Address = ::1, Request URL= http://localhost:8080/notifications/get-notification-count

2024-03-26T06:17:55.176Z: [INF] : c50f3930-49bd-41d8-b8b0-dac5cca2d849 | Method = GET| Body = {} | Params = {} | Query = 

2024-03-26T06:17:55.176Z: [RES] : c50f3930-49bd-41d8-b8b0-dac5cca2d849 | Response Status = 304

2024-03-26T06:17:55.190Z: [REQ] : 55bcf31f-b461-49f1-9942-15f7628d58db | Client Address = ::1, Request URL= http://localhost:8080/notifications/get-notification

2024-03-26T06:17:55.190Z: [INF] : 55bcf31f-b461-49f1-9942-15f7628d58db | Method = GET| Body = {} | Params = {} | Query = 

2024-03-26T06:17:55.190Z: [RES] : 55bcf31f-b461-49f1-9942-15f7628d58db | Response Status = 304

2024-03-26T06:17:55.196Z: [REQ] : e8d38bf1-1a6a-4461-a43b-b8a2766bba2f | Client Address = ::1, Request URL= http://localhost:8080/users/get-all?page=1&usersPerPage=5&search=&course=

2024-03-26T06:17:55.196Z: [INF] : e8d38bf1-1a6a-4461-a43b-b8a2766bba2f | Method = GET| Body = {} | Params = {} | Query = {"page":"1","usersPerPage":"5","search":"","course":""}

2024-03-26T06:17:55.200Z: [REQ] : b35037cf-2cf5-4df9-8511-b18cbe59fbee | Client Address = ::1, Request URL= http://localhost:8080/users/get-course

2024-03-26T06:17:55.200Z: [INF] : b35037cf-2cf5-4df9-8511-b18cbe59fbee | Method = GET| Body = {} | Params = {} | Query = 

2024-03-26T06:17:55.200Z: [RES] : b35037cf-2cf5-4df9-8511-b18cbe59fbee | Response Status = 304

2024-03-26T06:17:55.196Z: [RES] : e8d38bf1-1a6a-4461-a43b-b8a2766bba2f | Response Status = 304

2024-03-26T06:17:56.717Z: [REQ] : 1b7809f0-98d1-4ca4-b074-07a33c52c658 | Client Address = ::1, Request URL= http://localhost:8080/notifications/get-notification-count

2024-03-26T06:17:56.717Z: [INF] : 1b7809f0-98d1-4ca4-b074-07a33c52c658 | Method = GET| Body = {} | Params = {} | Query = 

2024-03-26T06:17:56.717Z: [RES] : 1b7809f0-98d1-4ca4-b074-07a33c52c658 | Response Status = 304

2024-03-26T06:17:56.733Z: [REQ] : 8162f68f-565f-43c4-bbc5-f630c394daee | Client Address = ::1, Request URL= http://localhost:8080/notifications/get-notification

2024-03-26T06:17:56.733Z: [INF] : 8162f68f-565f-43c4-bbc5-f630c394daee | Method = GET| Body = {} | Params = {} | Query = 

2024-03-26T06:17:56.737Z: [REQ] : 8082dbb4-e10a-442e-87a6-0f3fbf411e07 | Client Address = ::1, Request URL= http://localhost:8080/users/get-all?page=1&usersPerPage=5&search=&course=

2024-03-26T06:17:56.737Z: [INF] : 8082dbb4-e10a-442e-87a6-0f3fbf411e07 | Method = GET| Body = {} | Params = {} | Query = {"page":"1","usersPerPage":"5","search":"","course":""}

2024-03-26T06:17:56.747Z: [REQ] : 0f73e7bb-e780-40fb-b36a-a2d8ecdedf36 | Client Address = ::1, Request URL= http://localhost:8080/users/get-course

2024-03-26T06:17:56.747Z: [INF] : 0f73e7bb-e780-40fb-b36a-a2d8ecdedf36 | Method = GET| Body = {} | Params = {} | Query = 

2024-03-26T06:17:56.747Z: [RES] : 0f73e7bb-e780-40fb-b36a-a2d8ecdedf36 | Response Status = 304

2024-03-26T06:17:56.733Z: [RES] : 8162f68f-565f-43c4-bbc5-f630c394daee | Response Status = 304

2024-03-26T06:17:56.737Z: [RES] : 8082dbb4-e10a-442e-87a6-0f3fbf411e07 | Response Status = 304

2024-03-26T06:18:19.742Z: [REQ] : 0b531062-8ddd-425d-8b0d-bec7b2fe599a | Client Address = ::1, Request URL= http://localhost:8080/notifications/get-notification-count

2024-03-26T06:18:19.742Z: [INF] : 0b531062-8ddd-425d-8b0d-bec7b2fe599a | Method = GET| Body = {} | Params = {} | Query = 

2024-03-26T06:18:19.746Z: [REQ] : 064e5f24-7822-434d-b4b1-04d2867a1c81 | Client Address = ::1, Request URL= http://localhost:8080/notifications/get-notification

2024-03-26T06:18:19.746Z: [INF] : 064e5f24-7822-434d-b4b1-04d2867a1c81 | Method = GET| Body = {} | Params = {} | Query = 

2024-03-26T06:18:19.754Z: [REQ] : 8286b280-df80-4666-a6a4-b4ec558cabd5 | Client Address = ::1, Request URL= http://localhost:8080/users/get-all?page=1&usersPerPage=5&search=&course=

2024-03-26T06:18:19.754Z: [INF] : 8286b280-df80-4666-a6a4-b4ec558cabd5 | Method = GET| Body = {} | Params = {} | Query = {"page":"1","usersPerPage":"5","search":"","course":""}

2024-03-26T06:18:19.756Z: [REQ] : 7ffb231f-4efd-4c1c-a683-651f7a0984ff | Client Address = ::1, Request URL= http://localhost:8080/users/get-course

2024-03-26T06:18:19.756Z: [INF] : 7ffb231f-4efd-4c1c-a683-651f7a0984ff | Method = GET| Body = {} | Params = {} | Query = 

2024-03-26T06:18:19.742Z: [RES] : 0b531062-8ddd-425d-8b0d-bec7b2fe599a | Response Status = 304

2024-03-26T06:18:19.746Z: [RES] : 064e5f24-7822-434d-b4b1-04d2867a1c81 | Response Status = 304

2024-03-26T06:18:19.756Z: [RES] : 7ffb231f-4efd-4c1c-a683-651f7a0984ff | Response Status = 304

2024-03-26T06:18:19.754Z: [RES] : 8286b280-df80-4666-a6a4-b4ec558cabd5 | Response Status = 304

2024-03-26T06:19:41.236Z: [REQ] : f8316813-e9e4-4d7e-9484-dfdd517c604e | Client Address = ::1, Request URL= http://localhost:8080/notifications/get-notification-count

2024-03-26T06:19:41.236Z: [INF] : f8316813-e9e4-4d7e-9484-dfdd517c604e | Method = GET| Body = {} | Params = {} | Query = 

2024-03-26T06:19:41.236Z: [RES] : f8316813-e9e4-4d7e-9484-dfdd517c604e | Response Status = 304

2024-03-26T06:19:41.268Z: [REQ] : 46b62d6e-d7a8-4774-8bcd-c6c666692d2f | Client Address = ::1, Request URL= http://localhost:8080/notifications/get-notification

2024-03-26T06:19:41.268Z: [INF] : 46b62d6e-d7a8-4774-8bcd-c6c666692d2f | Method = GET| Body = {} | Params = {} | Query = 

2024-03-26T06:19:41.277Z: [REQ] : 750cafc4-d161-4db7-9b9d-d81f91f55587 | Client Address = ::1, Request URL= http://localhost:8080/users/get-all?page=1&usersPerPage=5&search=&course=

2024-03-26T06:19:41.277Z: [INF] : 750cafc4-d161-4db7-9b9d-d81f91f55587 | Method = GET| Body = {} | Params = {} | Query = {"page":"1","usersPerPage":"5","search":"","course":""}

2024-03-26T06:19:41.281Z: [REQ] : 9dab3e1b-39d1-44a0-b1cd-287cf4aaaf41 | Client Address = ::1, Request URL= http://localhost:8080/users/get-course

2024-03-26T06:19:41.281Z: [INF] : 9dab3e1b-39d1-44a0-b1cd-287cf4aaaf41 | Method = GET| Body = {} | Params = {} | Query = 

2024-03-26T06:19:41.268Z: [RES] : 46b62d6e-d7a8-4774-8bcd-c6c666692d2f | Response Status = 304

2024-03-26T06:19:41.281Z: [RES] : 9dab3e1b-39d1-44a0-b1cd-287cf4aaaf41 | Response Status = 304

2024-03-26T06:19:41.277Z: [RES] : 750cafc4-d161-4db7-9b9d-d81f91f55587 | Response Status = 304

2024-03-26T06:21:13.699Z: [REQ] : 7e6cf4e5-29ab-4b82-8350-06f37fad1f79 | Client Address = ::1, Request URL= http://localhost:8080/notifications/get-notification-count

2024-03-26T06:21:13.699Z: [INF] : 7e6cf4e5-29ab-4b82-8350-06f37fad1f79 | Method = GET| Body = {} | Params = {} | Query = 

2024-03-26T06:21:13.699Z: [RES] : 7e6cf4e5-29ab-4b82-8350-06f37fad1f79 | Response Status = 304

2024-03-26T06:21:13.729Z: [REQ] : 5f5a9f04-66bd-43c8-bd11-ac3f94aeb610 | Client Address = ::1, Request URL= http://localhost:8080/notifications/get-notification

2024-03-26T06:21:13.729Z: [INF] : 5f5a9f04-66bd-43c8-bd11-ac3f94aeb610 | Method = GET| Body = {} | Params = {} | Query = 

2024-03-26T06:21:13.736Z: [REQ] : 566125dc-215f-449a-910b-a80e0b777f8f | Client Address = ::1, Request URL= http://localhost:8080/users/get-all?page=1&usersPerPage=5&search=&course=

2024-03-26T06:21:13.736Z: [INF] : 566125dc-215f-449a-910b-a80e0b777f8f | Method = GET| Body = {} | Params = {} | Query = {"page":"1","usersPerPage":"5","search":"","course":""}

2024-03-26T06:21:13.740Z: [REQ] : 3a422871-bee8-420d-9e17-94c780afe6c1 | Client Address = ::1, Request URL= http://localhost:8080/users/get-course

2024-03-26T06:21:13.740Z: [INF] : 3a422871-bee8-420d-9e17-94c780afe6c1 | Method = GET| Body = {} | Params = {} | Query = 

2024-03-26T06:21:13.729Z: [RES] : 5f5a9f04-66bd-43c8-bd11-ac3f94aeb610 | Response Status = 304

2024-03-26T06:21:13.740Z: [RES] : 3a422871-bee8-420d-9e17-94c780afe6c1 | Response Status = 304

2024-03-26T06:21:13.736Z: [RES] : 566125dc-215f-449a-910b-a80e0b777f8f | Response Status = 304

2024-03-26T06:22:07.253Z: [REQ] : 2054ad2c-1ddf-46af-a6fb-357b78401323 | Client Address = ::1, Request URL= http://localhost:8080/notifications/get-notification-count

2024-03-26T06:22:07.253Z: [INF] : 2054ad2c-1ddf-46af-a6fb-357b78401323 | Method = GET| Body = {} | Params = {} | Query = 



2024-03-26T08:07:08.071Z: [INF] : a97b4908-2a6d-46ba-bd6e-3381beaefbba | Method = POST| Body = {} | Params = {} | Query = 

2024-03-26T08:07:08.073Z: [REQ] : cf3b1113-0ca0-4af7-9ed5-4a6b336b7810 | Client Address = ::1, Request URL= http://localhost:8080/api/refresh-token/

2024-03-26T08:07:08.073Z: [INF] : cf3b1113-0ca0-4af7-9ed5-4a6b336b7810 | Method = POST| Body = {} | Params = {} | Query = 

2024-03-26T08:07:08.067Z: [RES] : 490a44c7-dc6d-46a1-9dca-af90ee3342b4 | Response Status = 200

2024-03-26T08:07:08.071Z: [RES] : a97b4908-2a6d-46ba-bd6e-3381beaefbba | Response Status = 200

2024-03-26T08:07:08.073Z: [RES] : cf3b1113-0ca0-4af7-9ed5-4a6b336b7810 | Response Status = 200

2024-03-26T08:07:08.091Z: [REQ] : 77d5e45f-e166-4d56-8236-91f659bcd884 | Client Address = ::1, Request URL= http://localhost:8080/notifications/get-notification-count

2024-03-26T08:07:08.091Z: [INF] : 77d5e45f-e166-4d56-8236-91f659bcd884 | Method = GET| Body = {} | Params = {} | Query = 

2024-03-26T08:07:08.091Z: [ERR] : 77d5e45f-e166-4d56-8236-91f659bcd884 | Message = [object Object]

2024-03-26T08:07:08.091Z: [ERR] : 77d5e45f-e166-4d56-8236-91f659bcd884 | Message = {"error":true,"message":"Authorization failed!"}

2024-03-26T08:07:08.091Z: [RES] : 77d5e45f-e166-4d56-8236-91f659bcd884 | Response Status = 401

2024-03-26T08:07:08.091Z: [RES] : 77d5e45f-e166-4d56-8236-91f659bcd884 | Response Status = 401

2024-03-26T08:07:08.096Z: [REQ] : 94f70639-0242-451c-be3a-0dc2b3b08d39 | Client Address = ::1, Request URL= http://localhost:8080/notifications/get-notification

2024-03-26T08:07:08.096Z: [INF] : 94f70639-0242-451c-be3a-0dc2b3b08d39 | Method = GET| Body = {} | Params = {} | Query = 

2024-03-26T08:07:08.096Z: [ERR] : 94f70639-0242-451c-be3a-0dc2b3b08d39 | Message = [object Object]

2024-03-26T08:07:08.096Z: [ERR] : 94f70639-0242-451c-be3a-0dc2b3b08d39 | Message = {"error":true,"message":"Authorization failed!"}

2024-03-26T08:07:08.096Z: [RES] : 94f70639-0242-451c-be3a-0dc2b3b08d39 | Response Status = 401

2024-03-26T08:07:08.096Z: [RES] : 94f70639-0242-451c-be3a-0dc2b3b08d39 | Response Status = 401

2024-03-26T08:07:08.104Z: [REQ] : 1a702146-ac9d-4d91-82cc-7e36b40c8391 | Client Address = ::1, Request URL= http://localhost:8080/users/get-all/

2024-03-26T08:07:08.104Z: [INF] : 1a702146-ac9d-4d91-82cc-7e36b40c8391 | Method = GET| Body = {} | Params = {} | Query = 

2024-03-26T08:07:08.104Z: [RES] : 1a702146-ac9d-4d91-82cc-7e36b40c8391 | Response Status = 304

2024-03-26T08:07:12.968Z: [REQ] : b5dd0dda-e626-4d28-8a12-022c926ebc53 | Client Address = ::1, Request URL= http://localhost:8080/notifications/get-notification-count

2024-03-26T08:07:12.968Z: [INF] : b5dd0dda-e626-4d28-8a12-022c926ebc53 | Method = GET| Body = {} | Params = {} | Query = 

2024-03-26T08:07:12.968Z: [RES] : b5dd0dda-e626-4d28-8a12-022c926ebc53 | Response Status = 304

2024-03-26T08:07:12.977Z: [REQ] : 0e77f4a3-b541-4ccf-9a91-d466c22a8e6e | Client Address = ::1, Request URL= http://localhost:8080/notifications/get-notification

2024-03-26T08:07:12.977Z: [INF] : 0e77f4a3-b541-4ccf-9a91-d466c22a8e6e | Method = GET| Body = {} | Params = {} | Query = 

2024-03-26T08:07:12.981Z: [REQ] : 62329d4c-d4f8-4fb8-89a4-3b182472eb44 | Client Address = ::1, Request URL= http://localhost:8080/users/get-all?page=1&usersPerPage=5&search=&course=

2024-03-26T08:07:12.981Z: [INF] : 62329d4c-d4f8-4fb8-89a4-3b182472eb44 | Method = GET| Body = {} | Params = {} | Query = {"page":"1","usersPerPage":"5","search":"","course":""}

2024-03-26T08:07:12.977Z: [RES] : 0e77f4a3-b541-4ccf-9a91-d466c22a8e6e | Response Status = 304

2024-03-26T08:07:12.981Z: [RES] : 62329d4c-d4f8-4fb8-89a4-3b182472eb44 | Response Status = 304

2024-03-26T08:08:19.861Z: [REQ] : 2503fb44-a7b3-4180-957b-fc466ea3315a | Client Address = ::1, Request URL= http://localhost:8080/notifications/get-notification-count

2024-03-26T08:08:19.861Z: [INF] : 2503fb44-a7b3-4180-957b-fc466ea3315a | Method = GET| Body = {} | Params = {} | Query = 

2024-03-26T08:08:19.861Z: [ERR] : 2503fb44-a7b3-4180-957b-fc466ea3315a | Message = [object Object]

2024-03-26T08:08:19.861Z: [ERR] : 2503fb44-a7b3-4180-957b-fc466ea3315a | Message = {"error":true,"message":"Authorization failed!"}

2024-03-26T08:08:19.861Z: [RES] : 2503fb44-a7b3-4180-957b-fc466ea3315a | Response Status = 401

2024-03-26T08:08:19.861Z: [RES] : 2503fb44-a7b3-4180-957b-fc466ea3315a | Response Status = 401

2024-03-26T08:08:19.869Z: [REQ] : 970152ba-df49-4924-95c8-d2b8825bcb3f | Client Address = ::1, Request URL= http://localhost:8080/notifications/get-notification

2024-03-26T08:08:19.869Z: [INF] : 970152ba-df49-4924-95c8-d2b8825bcb3f | Method = GET| Body = {} | Params = {} | Query = 

2024-03-26T08:08:19.869Z: [ERR] : 970152ba-df49-4924-95c8-d2b8825bcb3f | Message = [object Object]

2024-03-26T08:08:19.869Z: [ERR] : 970152ba-df49-4924-95c8-d2b8825bcb3f | Message = {"error":true,"message":"Authorization failed!"}

2024-03-26T08:08:19.869Z: [RES] : 970152ba-df49-4924-95c8-d2b8825bcb3f | Response Status = 401

2024-03-26T08:08:19.869Z: [RES] : 970152ba-df49-4924-95c8-d2b8825bcb3f | Response Status = 401

2024-03-26T08:08:19.875Z: [REQ] : 0d480b59-19a9-487c-b127-92bf43415dc6 | Client Address = ::1, Request URL= http://localhost:8080/users/get-all?page=1&usersPerPage=5&search=&course=

2024-03-26T08:08:19.875Z: [INF] : 0d480b59-19a9-487c-b127-92bf43415dc6 | Method = GET| Body = {} | Params = {} | Query = {"page":"1","usersPerPage":"5","search":"","course":""}

2024-03-26T08:08:19.875Z: [ERR] : 0d480b59-19a9-487c-b127-92bf43415dc6 | Message = [object Object]

2024-03-26T08:08:19.875Z: [ERR] : 0d480b59-19a9-487c-b127-92bf43415dc6 | Message = {"error":true,"message":"Authorization failed!"}

2024-03-26T08:08:19.875Z: [RES] : 0d480b59-19a9-487c-b127-92bf43415dc6 | Response Status = 401

2024-03-26T08:08:19.875Z: [RES] : 0d480b59-19a9-487c-b127-92bf43415dc6 | Response Status = 401

2024-03-26T08:08:19.899Z: [REQ] : bfc5332c-7d92-4ffa-840b-bfce01114daf | Client Address = ::1, Request URL= http://localhost:8080/api/refresh-token/

2024-03-26T08:08:19.899Z: [INF] : bfc5332c-7d92-4ffa-840b-bfce01114daf | Method = POST| Body = {} | Params = {} | Query = 

2024-03-26T08:08:19.901Z: [REQ] : c8253ae5-ff76-48e0-ba6f-d71baea9dbcd | Client Address = ::1, Request URL= http://localhost:8080/api/refresh-token/

2024-03-26T08:08:19.901Z: [INF] : c8253ae5-ff76-48e0-ba6f-d71baea9dbcd | Method = POST| Body = {} | Params = {} | Query = 

2024-03-26T08:08:19.903Z: [REQ] : 34b9335a-ec64-4b5d-87b4-50596f1fabe9 | Client Address = ::1, Request URL= http://localhost:8080/api/refresh-token/

2024-03-26T08:08:19.903Z: [INF] : 34b9335a-ec64-4b5d-87b4-50596f1fabe9 | Method = POST| Body = {} | Params = {} | Query = 

2024-03-26T08:08:19.899Z: [RES] : bfc5332c-7d92-4ffa-840b-bfce01114daf | Response Status = 200

2024-03-26T08:08:19.901Z: [RES] : c8253ae5-ff76-48e0-ba6f-d71baea9dbcd | Response Status = 200

2024-03-26T08:08:19.903Z: [RES] : 34b9335a-ec64-4b5d-87b4-50596f1fabe9 | Response Status = 200

2024-03-26T08:08:19.923Z: [REQ] : 41818605-e57b-4de9-92ad-74e76822db5b | Client Address = ::1, Request URL= http://localhost:8080/notifications/get-notification

2024-03-26T08:08:19.923Z: [INF] : 41818605-e57b-4de9-92ad-74e76822db5b | Method = GET| Body = {} | Params = {} | Query = 

2024-03-26T08:08:19.923Z: [ERR] : 41818605-e57b-4de9-92ad-74e76822db5b | Message = [object Object]

2024-03-26T08:08:19.923Z: [ERR] : 41818605-e57b-4de9-92ad-74e76822db5b | Message = {"error":true,"message":"Authorization failed!"}

2024-03-26T08:08:19.923Z: [RES] : 41818605-e57b-4de9-92ad-74e76822db5b | Response Status = 401

2024-03-26T08:08:19.923Z: [RES] : 41818605-e57b-4de9-92ad-74e76822db5b | Response Status = 401

2024-03-26T08:08:19.928Z: [REQ] : 89eae1b3-1625-4205-853a-5cf0a4ec20d0 | Client Address = ::1, Request URL= http://localhost:8080/notifications/get-notification-count

2024-03-26T08:08:19.928Z: [INF] : 89eae1b3-1625-4205-853a-5cf0a4ec20d0 | Method = GET| Body = {} | Params = {} | Query = 

2024-03-26T08:08:19.928Z: [ERR] : 89eae1b3-1625-4205-853a-5cf0a4ec20d0 | Message = [object Object]

2024-03-26T08:08:19.928Z: [ERR] : 89eae1b3-1625-4205-853a-5cf0a4ec20d0 | Message = {"error":true,"message":"Authorization failed!"}

2024-03-26T08:08:19.928Z: [RES] : 89eae1b3-1625-4205-853a-5cf0a4ec20d0 | Response Status = 401

2024-03-26T08:08:19.928Z: [RES] : 89eae1b3-1625-4205-853a-5cf0a4ec20d0 | Response Status = 401

2024-03-26T08:08:19.938Z: [REQ] : e83c8579-19d5-4970-a377-b5ac72d73d8c | Client Address = ::1, Request URL= http://localhost:8080/users/get-all/

2024-03-26T08:08:19.938Z: [INF] : e83c8579-19d5-4970-a377-b5ac72d73d8c | Method = GET| Body = {} | Params = {} | Query = 

2024-03-26T08:08:19.938Z: [RES] : e83c8579-19d5-4970-a377-b5ac72d73d8c | Response Status = 304

2024-03-26T08:08:22.183Z: [REQ] : f70a89ab-48af-4882-ba06-cf89732b2367 | Client Address = ::1, Request URL= http://localhost:8080/notifications/get-notification-count

2024-03-26T08:08:22.183Z: [INF] : f70a89ab-48af-4882-ba06-cf89732b2367 | Method = GET| Body = {} | Params = {} | Query = 

2024-03-26T08:08:22.186Z: [REQ] : 8d181241-413c-4580-a24e-06511cb4d5a5 | Client Address = ::1, Request URL= http://localhost:8080/notifications/get-notification

2024-03-26T08:08:22.186Z: [INF] : 8d181241-413c-4580-a24e-06511cb4d5a5 | Method = GET| Body = {} | Params = {} | Query = 

2024-03-26T08:08:22.194Z: [REQ] : 2573148e-5c8e-4e8a-8966-a662cb68fbc7 | Client Address = ::1, Request URL= http://localhost:8080/users/get-all?page=1&usersPerPage=5&search=&course=

2024-03-26T08:08:22.194Z: [INF] : 2573148e-5c8e-4e8a-8966-a662cb68fbc7 | Method = GET| Body = {} | Params = {} | Query = {"page":"1","usersPerPage":"5","search":"","course":""}

2024-03-26T08:08:22.183Z: [RES] : f70a89ab-48af-4882-ba06-cf89732b2367 | Response Status = 304

2024-03-26T08:08:22.186Z: [RES] : 8d181241-413c-4580-a24e-06511cb4d5a5 | Response Status = 304

2024-03-26T08:08:22.194Z: [RES] : 2573148e-5c8e-4e8a-8966-a662cb68fbc7 | Response Status = 304

2024-03-26T08:09:01.344Z: [REQ] : 2949c911-02ad-41d0-84b1-c61f31ee2c40 | Client Address = ::1, Request URL= http://localhost:8080/users/get-all?page=1&usersPerPage=5&search=&course=

2024-03-26T08:09:01.344Z: [INF] : 2949c911-02ad-41d0-84b1-c61f31ee2c40 | Method = GET| Body = {} | Params = {} | Query = {"page":"1","usersPerPage":"5","search":"","course":""}

2024-03-26T08:09:01.344Z: [RES] : 2949c911-02ad-41d0-84b1-c61f31ee2c40 | Response Status = 304

2024-03-26T08:09:03.110Z: [REQ] : 5cbf76a0-a7b7-4fc5-ba9f-afb2eee3e439 | Client Address = ::1, Request URL= http://localhost:8080/users/get-all?page=1&usersPerPage=5&search=&course=

2024-03-26T08:09:03.110Z: [INF] : 5cbf76a0-a7b7-4fc5-ba9f-afb2eee3e439 | Method = GET| Body = {} | Params = {} | Query = {"page":"1","usersPerPage":"5","search":"","course":""}

2024-03-26T08:09:03.110Z: [RES] : 5cbf76a0-a7b7-4fc5-ba9f-afb2eee3e439 | Response Status = 304

2024-03-26T08:09:04.612Z: [INF] : ebfee74c-7d41-40aa-8388-7f9a545f58d8 | Method = GET| Body = {} | Params = {} | Query = 

2024-03-26T08:09:04.612Z: [REQ] : ebfee74c-7d41-40aa-8388-7f9a545f58d8 | Client Address = ::1, Request URL= http://localhost:8080/notifications/get-notification-count

2024-03-26T08:09:04.617Z: [REQ] : bd4c1a3b-82a8-4653-bae0-69158ce50873 | Client Address = ::1, Request URL= http://localhost:8080/notifications/get-notification

2024-03-26T08:09:04.617Z: [INF] : bd4c1a3b-82a8-4653-bae0-69158ce50873 | Method = GET| Body = {} | Params = {} | Query = 

2024-03-26T08:09:04.623Z: [REQ] : c9fdaa58-f025-49ab-a7e6-f8d64c010be8 | Client Address = ::1, Request URL= http://localhost:8080/users/get-all?page=1&usersPerPage=5&search=&course=

2024-03-26T08:09:04.623Z: [INF] : c9fdaa58-f025-49ab-a7e6-f8d64c010be8 | Method = GET| Body = {} | Params = {} | Query = {"page":"1","usersPerPage":"5","search":"","course":""}

2024-03-26T08:09:04.612Z: [RES] : ebfee74c-7d41-40aa-8388-7f9a545f58d8 | Response Status = 304

2024-03-26T08:09:04.617Z: [RES] : bd4c1a3b-82a8-4653-bae0-69158ce50873 | Response Status = 304

2024-03-26T08:09:04.623Z: [RES] : c9fdaa58-f025-49ab-a7e6-f8d64c010be8 | Response Status = 304

2024-03-26T08:09:24.311Z: [REQ] : 8ff703ae-44d7-440e-842a-9280c05fd918 | Client Address = ::1, Request URL= http://localhost:8080/api/login

2024-03-26T08:09:24.311Z: [INF] : 8ff703ae-44d7-440e-842a-9280c05fd918 | Method = POST| Body = {"email":"admin1@gmail.com"} | Params = {} | Query = 

2024-03-26T08:09:24.311Z: [RES] : 8ff703ae-44d7-440e-842a-9280c05fd918 | Response Status = 201

2024-03-26T08:09:24.434Z: [REQ] : 9a17427c-41ed-4b3e-ad50-a72966d3c37c | Client Address = ::1, Request URL= http://localhost:8080/notifications/get-notification-count

2024-03-26T08:09:24.434Z: [INF] : 9a17427c-41ed-4b3e-ad50-a72966d3c37c | Method = GET| Body = {} | Params = {} | Query = 

2024-03-26T08:09:24.434Z: [RES] : 9a17427c-41ed-4b3e-ad50-a72966d3c37c | Response Status = 304

2024-03-26T08:09:24.460Z: [REQ] : a0078766-e3da-4dbe-a694-6a4ef5a2087a | Client Address = ::1, Request URL= http://localhost:8080/notifications/get-notification

2024-03-26T08:09:24.460Z: [INF] : a0078766-e3da-4dbe-a694-6a4ef5a2087a | Method = GET| Body = {} | Params = {} | Query = 

2024-03-26T08:09:24.460Z: [RES] : a0078766-e3da-4dbe-a694-6a4ef5a2087a | Response Status = 304

2024-03-26T08:09:24.466Z: [REQ] : f66701e5-5746-42bf-aca5-e34d1e5d1f2e | Client Address = ::1, Request URL= http://localhost:8080/users/get-all?page=1&usersPerPage=5&search=&course=

2024-03-26T08:09:24.466Z: [INF] : f66701e5-5746-42bf-aca5-e34d1e5d1f2e | Method = GET| Body = {} | Params = {} | Query = {"page":"1","usersPerPage":"5","search":"","course":""}

2024-03-26T08:09:24.466Z: [RES] : f66701e5-5746-42bf-aca5-e34d1e5d1f2e | Response Status = 304

2024-03-26T08:10:03.238Z: [REQ] : 8e9e0af0-96dc-4a36-8ad2-4e29225466bd | Client Address = ::1, Request URL= http://localhost:8080/notifications/get-notification-count

2024-03-26T08:10:03.238Z: [INF] : 8e9e0af0-96dc-4a36-8ad2-4e29225466bd | Method = GET| Body = {} | Params = {} | Query = 

2024-03-26T08:10:03.244Z: [REQ] : eaa9942e-e535-4563-abad-a0a597bcb0b8 | Client Address = ::1, Request URL= http://localhost:8080/notifications/get-notification

2024-03-26T08:10:03.244Z: [INF] : eaa9942e-e535-4563-abad-a0a597bcb0b8 | Method = GET| Body = {} | Params = {} | Query = 

2024-03-26T08:10:03.248Z: [REQ] : 87c0e5c7-9164-4ac0-869a-3cc664a4688c | Client Address = ::1, Request URL= http://localhost:8080/users/get-all?page=1&usersPerPage=5&search=&course=

2024-03-26T08:10:03.248Z: [INF] : 87c0e5c7-9164-4ac0-869a-3cc664a4688c | Method = GET| Body = {} | Params = {} | Query = {"page":"1","usersPerPage":"5","search":"","course":""}

2024-03-26T08:10:03.238Z: [RES] : 8e9e0af0-96dc-4a36-8ad2-4e29225466bd | Response Status = 304

2024-03-26T08:10:03.244Z: [RES] : eaa9942e-e535-4563-abad-a0a597bcb0b8 | Response Status = 304

2024-03-26T08:10:03.248Z: [RES] : 87c0e5c7-9164-4ac0-869a-3cc664a4688c | Response Status = 304

2024-03-26T08:10:25.541Z: [REQ] : 7b3efa4b-c8fc-4872-a72f-1e3a4ea9bd09 | Client Address = ::1, Request URL= http://localhost:8080/notifications/get-notification-count

2024-03-26T08:10:25.541Z: [INF] : 7b3efa4b-c8fc-4872-a72f-1e3a4ea9bd09 | Method = GET| Body = {} | Params = {} | Query = 

2024-03-26T08:10:25.541Z: [ERR] : 7b3efa4b-c8fc-4872-a72f-1e3a4ea9bd09 | Message = [object Object]

2024-03-26T08:10:25.541Z: [ERR] : 7b3efa4b-c8fc-4872-a72f-1e3a4ea9bd09 | Message = {"error":true,"message":"Authorization failed!"}

2024-03-26T08:10:25.541Z: [RES] : 7b3efa4b-c8fc-4872-a72f-1e3a4ea9bd09 | Response Status = 401

2024-03-26T08:10:25.541Z: [RES] : 7b3efa4b-c8fc-4872-a72f-1e3a4ea9bd09 | Response Status = 401

2024-03-26T08:10:25.544Z: [REQ] : 38ce9437-c4d3-4ef4-9a30-d9e86ba605ed | Client Address = ::1, Request URL= http://localhost:8080/notifications/get-notification

2024-03-26T08:10:25.544Z: [INF] : 38ce9437-c4d3-4ef4-9a30-d9e86ba605ed | Method = GET| Body = {} | Params = {} | Query = 

2024-03-26T08:10:25.544Z: [ERR] : 38ce9437-c4d3-4ef4-9a30-d9e86ba605ed | Message = [object Object]

2024-03-26T08:10:25.544Z: [ERR] : 38ce9437-c4d3-4ef4-9a30-d9e86ba605ed | Message = {"error":true,"message":"Authorization failed!"}

2024-03-26T08:10:25.544Z: [RES] : 38ce9437-c4d3-4ef4-9a30-d9e86ba605ed | Response Status = 401

2024-03-26T08:10:25.544Z: [RES] : 38ce9437-c4d3-4ef4-9a30-d9e86ba605ed | Response Status = 401

2024-03-26T08:10:25.550Z: [REQ] : 056e40d2-71af-4003-acf6-95f8dd716c7d | Client Address = ::1, Request URL= http://localhost:8080/users/get-all?page=1&usersPerPage=5&search=&course=

2024-03-26T08:10:25.550Z: [INF] : 056e40d2-71af-4003-acf6-95f8dd716c7d | Method = GET| Body = {} | Params = {} | Query = {"page":"1","usersPerPage":"5","search":"","course":""}

2024-03-26T08:10:25.550Z: [ERR] : 056e40d2-71af-4003-acf6-95f8dd716c7d | Message = [object Object]

2024-03-26T08:10:25.550Z: [ERR] : 056e40d2-71af-4003-acf6-95f8dd716c7d | Message = {"error":true,"message":"Authorization failed!"}

2024-03-26T08:10:25.550Z: [RES] : 056e40d2-71af-4003-acf6-95f8dd716c7d | Response Status = 401

2024-03-26T08:10:25.550Z: [RES] : 056e40d2-71af-4003-acf6-95f8dd716c7d | Response Status = 401

2024-03-26T08:10:25.566Z: [REQ] : eb3d74e4-25c5-45ab-b747-2e6c3c3c5e1a | Client Address = ::1, Request URL= http://localhost:8080/api/refresh-token/

2024-03-26T08:10:25.566Z: [INF] : eb3d74e4-25c5-45ab-b747-2e6c3c3c5e1a | Method = POST| Body = {} | Params = {} | Query = 

2024-03-26T08:10:25.568Z: [REQ] : 2aa9d417-52b1-44eb-a0a2-cb6838e0b6a0 | Client Address = ::1, Request URL= http://localhost:8080/api/refresh-token/

2024-03-26T08:10:25.568Z: [INF] : 2aa9d417-52b1-44eb-a0a2-cb6838e0b6a0 | Method = POST| Body = {} | Params = {} | Query = 

2024-03-26T08:10:25.570Z: [REQ] : 1099a2a3-9598-418a-a51e-f4229462b3bc | Client Address = ::1, Request URL= http://localhost:8080/api/refresh-token/

2024-03-26T08:10:25.570Z: [INF] : 1099a2a3-9598-418a-a51e-f4229462b3bc | Method = POST| Body = {} | Params = {} | Query = 

2024-03-26T08:10:25.566Z: [RES] : eb3d74e4-25c5-45ab-b747-2e6c3c3c5e1a | Response Status = 200

2024-03-26T08:10:25.568Z: [RES] : 2aa9d417-52b1-44eb-a0a2-cb6838e0b6a0 | Response Status = 200

2024-03-26T08:10:25.570Z: [RES] : 1099a2a3-9598-418a-a51e-f4229462b3bc | Response Status = 200

2024-03-26T08:10:25.590Z: [REQ] : 3ff35ce5-7550-4f39-83a2-3f1a189bd27b | Client Address = ::1, Request URL= http://localhost:8080/notifications/get-notification-count

2024-03-26T08:10:25.590Z: [INF] : 3ff35ce5-7550-4f39-83a2-3f1a189bd27b | Method = GET| Body = {} | Params = {} | Query = 

2024-03-26T08:10:25.590Z: [ERR] : 3ff35ce5-7550-4f39-83a2-3f1a189bd27b | Message = [object Object]

2024-03-26T08:10:25.590Z: [ERR] : 3ff35ce5-7550-4f39-83a2-3f1a189bd27b | Message = {"error":true,"message":"Authorization failed!"}

2024-03-26T08:10:25.590Z: [RES] : 3ff35ce5-7550-4f39-83a2-3f1a189bd27b | Response Status = 401

2024-03-26T08:10:25.590Z: [RES] : 3ff35ce5-7550-4f39-83a2-3f1a189bd27b | Response Status = 401

2024-03-26T08:10:25.595Z: [REQ] : f52ef155-9056-4bf8-a486-db599cc98e9d | Client Address = ::1, Request URL= http://localhost:8080/notifications/get-notification

2024-03-26T08:10:25.595Z: [INF] : f52ef155-9056-4bf8-a486-db599cc98e9d | Method = GET| Body = {} | Params = {} | Query = 

2024-03-26T08:10:25.595Z: [ERR] : f52ef155-9056-4bf8-a486-db599cc98e9d | Message = [object Object]

2024-03-26T08:10:25.595Z: [ERR] : f52ef155-9056-4bf8-a486-db599cc98e9d | Message = {"error":true,"message":"Authorization failed!"}

2024-03-26T08:10:25.595Z: [RES] : f52ef155-9056-4bf8-a486-db599cc98e9d | Response Status = 401

2024-03-26T08:10:25.595Z: [RES] : f52ef155-9056-4bf8-a486-db599cc98e9d | Response Status = 401

2024-03-26T08:10:25.605Z: [REQ] : d7e51fbc-e21e-46ac-beec-d1a53d5bf5e4 | Client Address = ::1, Request URL= http://localhost:8080/users/get-all/

2024-03-26T08:10:25.605Z: [INF] : d7e51fbc-e21e-46ac-beec-d1a53d5bf5e4 | Method = GET| Body = {} | Params = {} | Query = 

2024-03-26T08:10:25.605Z: [RES] : d7e51fbc-e21e-46ac-beec-d1a53d5bf5e4 | Response Status = 304

2024-03-26T08:10:31.670Z: [REQ] : 9b06b8c5-55b3-409b-a2e8-301e85bbc81e | Client Address = ::1, Request URL= http://localhost:8080/notifications/get-notification-count

2024-03-26T08:10:31.670Z: [INF] : 9b06b8c5-55b3-409b-a2e8-301e85bbc81e | Method = GET| Body = {} | Params = {} | Query = 

2024-03-26T08:10:31.670Z: [RES] : 9b06b8c5-55b3-409b-a2e8-301e85bbc81e | Response Status = 304

2024-03-26T08:10:31.687Z: [REQ] : 30eb1481-4027-4831-8b75-9ed1df00e039 | Client Address = ::1, Request URL= http://localhost:8080/notifications/get-notification

2024-03-26T08:10:31.687Z: [INF] : 30eb1481-4027-4831-8b75-9ed1df00e039 | Method = GET| Body = {} | Params = {} | Query = 

2024-03-26T08:10:31.687Z: [RES] : 30eb1481-4027-4831-8b75-9ed1df00e039 | Response Status = 304

2024-03-26T08:10:31.693Z: [REQ] : c0f90329-a5c4-46f0-81bb-a998ebb3fe79 | Client Address = ::1, Request URL= http://localhost:8080/users/get-all?page=1&usersPerPage=5&search=&course=

2024-03-26T08:10:31.693Z: [INF] : c0f90329-a5c4-46f0-81bb-a998ebb3fe79 | Method = GET| Body = {} | Params = {} | Query = {"page":"1","usersPerPage":"5","search":"","course":""}

2024-03-26T08:10:31.693Z: [RES] : c0f90329-a5c4-46f0-81bb-a998ebb3fe79 | Response Status = 304

2024-03-26T08:10:56.831Z: [REQ] : 6b43c8c4-8d4e-4c7a-ad19-6c7f02056b70 | Client Address = ::1, Request URL= http://localhost:8080/users/get-all?page=1&usersPerPage=5&search=&course=

2024-03-26T08:10:56.831Z: [INF] : 6b43c8c4-8d4e-4c7a-ad19-6c7f02056b70 | Method = GET| Body = {} | Params = {} | Query = {"page":"1","usersPerPage":"5","search":"","course":""}

2024-03-26T08:10:56.831Z: [RES] : 6b43c8c4-8d4e-4c7a-ad19-6c7f02056b70 | Response Status = 304

2024-03-26T08:11:03.680Z: [REQ] : f921e512-8db2-4ba1-abce-ff44a5f69d30 | Client Address = ::1, Request URL= http://localhost:8080/users/get-all?page=1&usersPerPage=5&search=&course=

2024-03-26T08:11:03.680Z: [INF] : f921e512-8db2-4ba1-abce-ff44a5f69d30 | Method = GET| Body = {} | Params = {} | Query = {"page":"1","usersPerPage":"5","search":"","course":""}

2024-03-26T08:11:03.680Z: [RES] : f921e512-8db2-4ba1-abce-ff44a5f69d30 | Response Status = 304

2024-03-26T08:11:25.147Z: [REQ] : 8e7541a9-bcfc-445c-bcd0-cc1577cd1bda | Client Address = ::1, Request URL= http://localhost:8080/api/login

2024-03-26T08:11:25.147Z: [INF] : 8e7541a9-bcfc-445c-bcd0-cc1577cd1bda | Method = POST| Body = {"email":"admin1@gmail.com"} | Params = {} | Query = 

2024-03-26T08:11:25.147Z: [RES] : 8e7541a9-bcfc-445c-bcd0-cc1577cd1bda | Response Status = 201

2024-03-26T08:11:25.273Z: [REQ] : 3f4cb806-ce67-4587-b1cb-a46a0273109a | Client Address = ::1, Request URL= http://localhost:8080/notifications/get-notification-count

2024-03-26T08:11:25.273Z: [INF] : 3f4cb806-ce67-4587-b1cb-a46a0273109a | Method = GET| Body = {} | Params = {} | Query = 

2024-03-26T08:11:25.276Z: [REQ] : c7e99ae4-5e9a-4106-806e-f2b955fce6a8 | Client Address = ::1, Request URL= http://localhost:8080/notifications/get-notification

2024-03-26T08:11:25.276Z: [INF] : c7e99ae4-5e9a-4106-806e-f2b955fce6a8 | Method = GET| Body = {} | Params = {} | Query = 

2024-03-26T08:11:25.279Z: [REQ] : d80122d2-99ff-4662-bdaa-1bc7ba82b634 | Client Address = ::1, Request URL= http://localhost:8080/users/get-all?page=1&usersPerPage=5&search=&course=

2024-03-26T08:11:25.279Z: [INF] : d80122d2-99ff-4662-bdaa-1bc7ba82b634 | Method = GET| Body = {} | Params = {} | Query = {"page":"1","usersPerPage":"5","search":"","course":""}

2024-03-26T08:11:25.273Z: [RES] : 3f4cb806-ce67-4587-b1cb-a46a0273109a | Response Status = 304

2024-03-26T08:11:25.276Z: [RES] : c7e99ae4-5e9a-4106-806e-f2b955fce6a8 | Response Status = 304

2024-03-26T08:11:25.279Z: [RES] : d80122d2-99ff-4662-bdaa-1bc7ba82b634 | Response Status = 304

2024-03-26T08:12:28.048Z: [REQ] : 23c0dc44-ae85-4ff6-b77a-2490f058a314 | Client Address = ::1, Request URL= http://localhost:8080/notifications/get-notification-count

2024-03-26T08:12:28.048Z: [INF] : 23c0dc44-ae85-4ff6-b77a-2490f058a314 | Method = GET| Body = {} | Params = {} | Query = 

2024-03-26T08:12:28.048Z: [ERR] : 23c0dc44-ae85-4ff6-b77a-2490f058a314 | Message = [object Object]

2024-03-26T08:12:28.048Z: [ERR] : 23c0dc44-ae85-4ff6-b77a-2490f058a314 | Message = {"error":true,"message":"Authorization failed!"}

2024-03-26T08:12:28.048Z: [RES] : 23c0dc44-ae85-4ff6-b77a-2490f058a314 | Response Status = 401

2024-03-26T08:12:28.048Z: [RES] : 23c0dc44-ae85-4ff6-b77a-2490f058a314 | Response Status = 401

2024-03-26T08:12:28.052Z: [REQ] : 15eb66b2-e032-4e08-bf90-3953ae958e05 | Client Address = ::1, Request URL= http://localhost:8080/notifications/get-notification

2024-03-26T08:12:28.052Z: [INF] : 15eb66b2-e032-4e08-bf90-3953ae958e05 | Method = GET| Body = {} | Params = {} | Query = 

2024-03-26T08:12:28.052Z: [ERR] : 15eb66b2-e032-4e08-bf90-3953ae958e05 | Message = [object Object]

2024-03-26T08:12:28.052Z: [ERR] : 15eb66b2-e032-4e08-bf90-3953ae958e05 | Message = {"error":true,"message":"Authorization failed!"}

2024-03-26T08:12:28.052Z: [RES] : 15eb66b2-e032-4e08-bf90-3953ae958e05 | Response Status = 401

2024-03-26T08:12:28.052Z: [RES] : 15eb66b2-e032-4e08-bf90-3953ae958e05 | Response Status = 401

2024-03-26T08:12:28.069Z: [REQ] : 6fa0b465-3d4f-48a2-a689-54020df60274 | Client Address = ::1, Request URL= http://localhost:8080/api/refresh-token/

2024-03-26T08:12:28.069Z: [INF] : 6fa0b465-3d4f-48a2-a689-54020df60274 | Method = POST| Body = {} | Params = {} | Query = 

2024-03-26T08:12:28.072Z: [REQ] : 686c94bc-098c-43b8-bef3-61556b8c423f | Client Address = ::1, Request URL= http://localhost:8080/api/refresh-token/

2024-03-26T08:12:28.072Z: [INF] : 686c94bc-098c-43b8-bef3-61556b8c423f | Method = POST| Body = {} | Params = {} | Query = 

2024-03-26T08:12:28.069Z: [RES] : 6fa0b465-3d4f-48a2-a689-54020df60274 | Response Status = 200

2024-03-26T08:12:28.072Z: [RES] : 686c94bc-098c-43b8-bef3-61556b8c423f | Response Status = 200

2024-03-26T08:12:28.084Z: [REQ] : f6f15275-d192-495f-b7fd-2827636a8ed4 | Client Address = ::1, Request URL= http://localhost:8080/users/get-all?page=1&usersPerPage=5&search=&course=

2024-03-26T08:12:28.084Z: [INF] : f6f15275-d192-495f-b7fd-2827636a8ed4 | Method = GET| Body = {} | Params = {} | Query = {"page":"1","usersPerPage":"5","search":"","course":""}

2024-03-26T08:12:28.084Z: [ERR] : f6f15275-d192-495f-b7fd-2827636a8ed4 | Message = [object Object]

2024-03-26T08:12:28.084Z: [ERR] : f6f15275-d192-495f-b7fd-2827636a8ed4 | Message = {"error":true,"message":"Authorization failed!"}

2024-03-26T08:12:28.084Z: [RES] : f6f15275-d192-495f-b7fd-2827636a8ed4 | Response Status = 401

2024-03-26T08:12:28.084Z: [RES] : f6f15275-d192-495f-b7fd-2827636a8ed4 | Response Status = 401

2024-03-26T08:12:28.087Z: [REQ] : 7fac920e-87ee-4d20-a0e9-3e7ced89318e | Client Address = ::1, Request URL= http://localhost:8080/notifications/get-notification-count

2024-03-26T08:12:28.087Z: [INF] : 7fac920e-87ee-4d20-a0e9-3e7ced89318e | Method = GET| Body = {} | Params = {} | Query = 

2024-03-26T08:12:28.087Z: [ERR] : 7fac920e-87ee-4d20-a0e9-3e7ced89318e | Message = [object Object]

2024-03-26T08:12:28.087Z: [ERR] : 7fac920e-87ee-4d20-a0e9-3e7ced89318e | Message = {"error":true,"message":"Authorization failed!"}

2024-03-26T08:12:28.087Z: [RES] : 7fac920e-87ee-4d20-a0e9-3e7ced89318e | Response Status = 401

2024-03-26T08:12:28.087Z: [RES] : 7fac920e-87ee-4d20-a0e9-3e7ced89318e | Response Status = 401

2024-03-26T08:12:28.093Z: [INF] : 9d49be4e-1675-4668-80c1-27efc6a8f1b7 | Method = GET| Body = {} | Params = {} | Query = 

2024-03-26T08:12:28.093Z: [REQ] : 9d49be4e-1675-4668-80c1-27efc6a8f1b7 | Client Address = ::1, Request URL= http://localhost:8080/notifications/get-notification

2024-03-26T08:12:28.093Z: [ERR] : 9d49be4e-1675-4668-80c1-27efc6a8f1b7 | Message = [object Object]

2024-03-26T08:12:28.093Z: [ERR] : 9d49be4e-1675-4668-80c1-27efc6a8f1b7 | Message = {"error":true,"message":"Authorization failed!"}

2024-03-26T08:12:28.093Z: [RES] : 9d49be4e-1675-4668-80c1-27efc6a8f1b7 | Response Status = 401

2024-03-26T08:12:28.093Z: [RES] : 9d49be4e-1675-4668-80c1-27efc6a8f1b7 | Response Status = 401

2024-03-26T08:12:28.101Z: [REQ] : 4f1e6662-c3e0-442f-b906-9a4108b17b88 | Client Address = ::1, Request URL= http://localhost:8080/api/refresh-token/

2024-03-26T08:12:28.101Z: [INF] : 4f1e6662-c3e0-442f-b906-9a4108b17b88 | Method = POST| Body = {} | Params = {} | Query = 

2024-03-26T08:12:28.101Z: [RES] : 4f1e6662-c3e0-442f-b906-9a4108b17b88 | Response Status = 200

2024-03-26T08:12:28.118Z: [REQ] : 559a855d-66f5-4882-a866-0d9f7da0f097 | Client Address = ::1, Request URL= http://localhost:8080/users/get-all/?page=1&usersPerPage=5&search=&course=

2024-03-26T08:12:28.118Z: [INF] : 559a855d-66f5-4882-a866-0d9f7da0f097 | Method = GET| Body = {} | Params = {} | Query = {"page":"1","usersPerPage":"5","search":"","course":""}

2024-03-26T08:12:28.118Z: [RES] : 559a855d-66f5-4882-a866-0d9f7da0f097 | Response Status = 304

2024-03-26T08:12:29.716Z: [REQ] : 8ca4a1ce-633a-4db6-8d57-0fd2fa162e8f | Client Address = ::1, Request URL= http://localhost:8080/notifications/get-notification-count

2024-03-26T08:12:29.716Z: [INF] : 8ca4a1ce-633a-4db6-8d57-0fd2fa162e8f | Method = GET| Body = {} | Params = {} | Query = 

2024-03-26T08:12:29.719Z: [REQ] : d8354b55-5252-460d-92e4-77c01b9a7b59 | Client Address = ::1, Request URL= http://localhost:8080/notifications/get-notification

2024-03-26T08:12:29.719Z: [INF] : d8354b55-5252-460d-92e4-77c01b9a7b59 | Method = GET| Body = {} | Params = {} | Query = 

2024-03-26T08:12:29.716Z: [RES] : 8ca4a1ce-633a-4db6-8d57-0fd2fa162e8f | Response Status = 304

2024-03-26T08:12:29.719Z: [RES] : d8354b55-5252-460d-92e4-77c01b9a7b59 | Response Status = 304

2024-03-26T08:12:29.735Z: [REQ] : 4bccd425-3a6b-4ebc-bda3-b28ac7763fd0 | Client Address = ::1, Request URL= http://localhost:8080/users/get-all?page=1&usersPerPage=5&search=&course=

2024-03-26T08:12:29.735Z: [INF] : 4bccd425-3a6b-4ebc-bda3-b28ac7763fd0 | Method = GET| Body = {} | Params = {} | Query = {"page":"1","usersPerPage":"5","search":"","course":""}

2024-03-26T08:12:29.735Z: [RES] : 4bccd425-3a6b-4ebc-bda3-b28ac7763fd0 | Response Status = 304

2024-03-26T08:14:13.141Z: [REQ] : c921dcae-f18c-4e1d-a7b4-8b1d2c64f228 | Client Address = ::1, Request URL= http://localhost:8080/notifications/get-notification-count

2024-03-26T08:14:13.141Z: [INF] : c921dcae-f18c-4e1d-a7b4-8b1d2c64f228 | Method = GET| Body = {} | Params = {} | Query = 

2024-03-26T08:14:13.141Z: [ERR] : c921dcae-f18c-4e1d-a7b4-8b1d2c64f228 | Message = [object Object]

2024-03-26T08:14:13.141Z: [ERR] : c921dcae-f18c-4e1d-a7b4-8b1d2c64f228 | Message = {"error":true,"message":"Authorization failed!"}

2024-03-26T08:14:13.141Z: [RES] : c921dcae-f18c-4e1d-a7b4-8b1d2c64f228 | Response Status = 401

2024-03-26T08:14:13.141Z: [RES] : c921dcae-f18c-4e1d-a7b4-8b1d2c64f228 | Response Status = 401

2024-03-26T08:14:13.148Z: [REQ] : 5bb64e19-fa3e-48c8-8f54-ac4e8d5faf79 | Client Address = ::1, Request URL= http://localhost:8080/notifications/get-notification

2024-03-26T08:14:13.148Z: [INF] : 5bb64e19-fa3e-48c8-8f54-ac4e8d5faf79 | Method = GET| Body = {} | Params = {} | Query = 

2024-03-26T08:14:13.148Z: [ERR] : 5bb64e19-fa3e-48c8-8f54-ac4e8d5faf79 | Message = [object Object]

2024-03-26T08:14:13.148Z: [ERR] : 5bb64e19-fa3e-48c8-8f54-ac4e8d5faf79 | Message = {"error":true,"message":"Authorization failed!"}

2024-03-26T08:14:13.148Z: [RES] : 5bb64e19-fa3e-48c8-8f54-ac4e8d5faf79 | Response Status = 401

2024-03-26T08:14:13.148Z: [RES] : 5bb64e19-fa3e-48c8-8f54-ac4e8d5faf79 | Response Status = 401

2024-03-26T08:14:13.163Z: [REQ] : 30d7b847-5fff-49a0-8b9a-df27d36086d2 | Client Address = ::1, Request URL= http://localhost:8080/users/get-all?page=1&usersPerPage=5&search=&course=

2024-03-26T08:14:13.163Z: [INF] : 30d7b847-5fff-49a0-8b9a-df27d36086d2 | Method = GET| Body = {} | Params = {} | Query = {"page":"1","usersPerPage":"5","search":"","course":""}

2024-03-26T08:14:13.163Z: [ERR] : 30d7b847-5fff-49a0-8b9a-df27d36086d2 | Message = [object Object]

2024-03-26T08:14:13.163Z: [ERR] : 30d7b847-5fff-49a0-8b9a-df27d36086d2 | Message = {"error":true,"message":"Authorization failed!"}

2024-03-26T08:14:13.163Z: [RES] : 30d7b847-5fff-49a0-8b9a-df27d36086d2 | Response Status = 401

2024-03-26T08:14:13.163Z: [RES] : 30d7b847-5fff-49a0-8b9a-df27d36086d2 | Response Status = 401

2024-03-26T08:14:13.176Z: [REQ] : dd0bdb5d-ec38-4e91-8ac7-8c5d0006e15b | Client Address = ::1, Request URL= http://localhost:8080/api/refresh-token/

2024-03-26T08:14:13.176Z: [INF] : dd0bdb5d-ec38-4e91-8ac7-8c5d0006e15b | Method = POST| Body = {} | Params = {} | Query = 

2024-03-26T08:14:13.176Z: [ERR] : dd0bdb5d-ec38-4e91-8ac7-8c5d0006e15b | Message = [object Object]

2024-03-26T08:14:13.176Z: [ERR] : dd0bdb5d-ec38-4e91-8ac7-8c5d0006e15b | Message = {"error":true,"message":"Refresh token is expired or invalid"}

2024-03-26T08:14:13.176Z: [RES] : dd0bdb5d-ec38-4e91-8ac7-8c5d0006e15b | Response Status = 401

2024-03-26T08:14:13.183Z: [REQ] : f996e23c-1877-4ded-b510-c79f69d81db3 | Client Address = ::1, Request URL= http://localhost:8080/api/refresh-token/

2024-03-26T08:14:13.183Z: [INF] : f996e23c-1877-4ded-b510-c79f69d81db3 | Method = POST| Body = {} | Params = {} | Query = 

2024-03-26T08:14:13.183Z: [ERR] : f996e23c-1877-4ded-b510-c79f69d81db3 | Message = [object Object]

2024-03-26T08:14:13.183Z: [ERR] : f996e23c-1877-4ded-b510-c79f69d81db3 | Message = {"error":true,"message":"Refresh token is expired or invalid"}

2024-03-26T08:14:13.183Z: [RES] : f996e23c-1877-4ded-b510-c79f69d81db3 | Response Status = 401

2024-03-26T08:14:13.188Z: [REQ] : 48bc6fc0-aecc-489d-945c-5f2aec6a5974 | Client Address = ::1, Request URL= http://localhost:8080/api/refresh-token/

2024-03-26T08:14:13.188Z: [INF] : 48bc6fc0-aecc-489d-945c-5f2aec6a5974 | Method = POST| Body = {} | Params = {} | Query = 

2024-03-26T08:14:13.188Z: [ERR] : 48bc6fc0-aecc-489d-945c-5f2aec6a5974 | Message = [object Object]

2024-03-26T08:14:13.188Z: [ERR] : 48bc6fc0-aecc-489d-945c-5f2aec6a5974 | Message = {"error":true,"message":"Refresh token is expired or invalid"}

2024-03-26T08:14:13.188Z: [RES] : 48bc6fc0-aecc-489d-945c-5f2aec6a5974 | Response Status = 401

2024-03-26T08:14:15.215Z: [REQ] : e30c9bd0-1088-4fb8-84e1-9e1157cef27d | Client Address = ::1, Request URL= http://localhost:8080/notifications/get-notification-count

2024-03-26T08:14:15.215Z: [INF] : e30c9bd0-1088-4fb8-84e1-9e1157cef27d | Method = GET| Body = {} | Params = {} | Query = 

2024-03-26T08:14:15.215Z: [ERR] : e30c9bd0-1088-4fb8-84e1-9e1157cef27d | Message = [object Object]

2024-03-26T08:14:15.215Z: [ERR] : e30c9bd0-1088-4fb8-84e1-9e1157cef27d | Message = {"error":true,"message":"Authorization failed!"}

2024-03-26T08:14:15.215Z: [RES] : e30c9bd0-1088-4fb8-84e1-9e1157cef27d | Response Status = 401

2024-03-26T08:14:15.215Z: [RES] : e30c9bd0-1088-4fb8-84e1-9e1157cef27d | Response Status = 401

2024-03-26T08:14:15.225Z: [REQ] : 2fde6f1a-9b50-4844-81a0-57a8ef4a2d7f | Client Address = ::1, Request URL= http://localhost:8080/notifications/get-notification

2024-03-26T08:14:15.225Z: [INF] : 2fde6f1a-9b50-4844-81a0-57a8ef4a2d7f | Method = GET| Body = {} | Params = {} | Query = 

2024-03-26T08:14:15.225Z: [ERR] : 2fde6f1a-9b50-4844-81a0-57a8ef4a2d7f | Message = [object Object]

2024-03-26T08:14:15.225Z: [ERR] : 2fde6f1a-9b50-4844-81a0-57a8ef4a2d7f | Message = {"error":true,"message":"Authorization failed!"}

2024-03-26T08:14:15.225Z: [RES] : 2fde6f1a-9b50-4844-81a0-57a8ef4a2d7f | Response Status = 401

2024-03-26T08:14:15.225Z: [RES] : 2fde6f1a-9b50-4844-81a0-57a8ef4a2d7f | Response Status = 401

2024-03-26T08:14:15.230Z: [REQ] : 2b86c56b-45c9-4a56-85a6-8dcfe752ba55 | Client Address = ::1, Request URL= http://localhost:8080/users/get-all?page=1&usersPerPage=5&search=&course=

2024-03-26T08:14:15.230Z: [INF] : 2b86c56b-45c9-4a56-85a6-8dcfe752ba55 | Method = GET| Body = {} | Params = {} | Query = {"page":"1","usersPerPage":"5","search":"","course":""}

2024-03-26T08:14:15.230Z: [ERR] : 2b86c56b-45c9-4a56-85a6-8dcfe752ba55 | Message = [object Object]

2024-03-26T08:14:15.230Z: [ERR] : 2b86c56b-45c9-4a56-85a6-8dcfe752ba55 | Message = {"error":true,"message":"Authorization failed!"}

2024-03-26T08:14:15.230Z: [RES] : 2b86c56b-45c9-4a56-85a6-8dcfe752ba55 | Response Status = 401

2024-03-26T08:14:15.230Z: [RES] : 2b86c56b-45c9-4a56-85a6-8dcfe752ba55 | Response Status = 401

2024-03-26T08:14:15.246Z: [REQ] : 0ae09270-3ad9-44f1-ae35-6825209e80e5 | Client Address = ::1, Request URL= http://localhost:8080/api/refresh-token/

2024-03-26T08:14:15.246Z: [INF] : 0ae09270-3ad9-44f1-ae35-6825209e80e5 | Method = POST| Body = {} | Params = {} | Query = 

2024-03-26T08:14:15.246Z: [ERR] : 0ae09270-3ad9-44f1-ae35-6825209e80e5 | Message = [object Object]

2024-03-26T08:14:15.246Z: [ERR] : 0ae09270-3ad9-44f1-ae35-6825209e80e5 | Message = {"error":true,"message":"Refresh token is expired or invalid"}

2024-03-26T08:14:15.246Z: [RES] : 0ae09270-3ad9-44f1-ae35-6825209e80e5 | Response Status = 401

2024-03-26T08:14:15.248Z: [REQ] : 97ccf872-58f9-447c-a6f4-991cbe6fa7ee | Client Address = ::1, Request URL= http://localhost:8080/api/refresh-token/

2024-03-26T08:14:15.248Z: [INF] : 97ccf872-58f9-447c-a6f4-991cbe6fa7ee | Method = POST| Body = {} | Params = {} | Query = 

2024-03-26T08:14:15.248Z: [ERR] : 97ccf872-58f9-447c-a6f4-991cbe6fa7ee | Message = [object Object]

2024-03-26T08:14:15.248Z: [ERR] : 97ccf872-58f9-447c-a6f4-991cbe6fa7ee | Message = {"error":true,"message":"Refresh token is expired or invalid"}

2024-03-26T08:14:15.248Z: [RES] : 97ccf872-58f9-447c-a6f4-991cbe6fa7ee | Response Status = 401

2024-03-26T08:14:15.274Z: [REQ] : 20e1fd44-9087-44d1-ab6a-358ffc150245 | Client Address = ::1, Request URL= http://localhost:8080/api/refresh-token/

2024-03-26T08:14:15.274Z: [INF] : 20e1fd44-9087-44d1-ab6a-358ffc150245 | Method = POST| Body = {} | Params = {} | Query = 

2024-03-26T08:14:15.274Z: [ERR] : 20e1fd44-9087-44d1-ab6a-358ffc150245 | Message = [object Object]

2024-03-26T08:14:15.274Z: [ERR] : 20e1fd44-9087-44d1-ab6a-358ffc150245 | Message = {"error":true,"message":"Refresh token is expired or invalid"}

2024-03-26T08:14:15.274Z: [RES] : 20e1fd44-9087-44d1-ab6a-358ffc150245 | Response Status = 401

2024-03-26T08:14:30.968Z: [INF] : 05d9dadc-4ef3-488f-843f-180b344c3968 | Method = POST| Body = {"email":"admin1@gmail.com"} | Params = {} | Query = 

2024-03-26T08:14:30.968Z: [REQ] : 05d9dadc-4ef3-488f-843f-180b344c3968 | Client Address = ::1, Request URL= http://localhost:8080/api/login

2024-03-26T08:14:30.968Z: [RES] : 05d9dadc-4ef3-488f-843f-180b344c3968 | Response Status = 201

2024-03-26T08:14:31.172Z: [REQ] : 264af0b1-6e37-4436-b50f-fcfb758c9454 | Client Address = ::1, Request URL= http://localhost:8080/notifications/get-notification-count

2024-03-26T08:14:31.172Z: [INF] : 264af0b1-6e37-4436-b50f-fcfb758c9454 | Method = GET| Body = {} | Params = {} | Query = 

2024-03-26T08:14:31.174Z: [REQ] : e9f18ecd-1565-438f-b76c-2c6f2e3f9511 | Client Address = ::1, Request URL= http://localhost:8080/notifications/get-notification

2024-03-26T08:14:31.174Z: [INF] : e9f18ecd-1565-438f-b76c-2c6f2e3f9511 | Method = GET| Body = {} | Params = {} | Query = 

2024-03-26T08:14:31.175Z: [REQ] : 05d5df03-ce2a-45c6-af22-d634113151b0 | Client Address = ::1, Request URL= http://localhost:8080/users/get-all?page=1&usersPerPage=5&search=&course=

2024-03-26T08:14:31.175Z: [INF] : 05d5df03-ce2a-45c6-af22-d634113151b0 | Method = GET| Body = {} | Params = {} | Query = {"page":"1","usersPerPage":"5","search":"","course":""}

2024-03-26T08:14:31.172Z: [RES] : 264af0b1-6e37-4436-b50f-fcfb758c9454 | Response Status = 304

2024-03-26T08:14:31.174Z: [RES] : e9f18ecd-1565-438f-b76c-2c6f2e3f9511 | Response Status = 304

2024-03-26T08:14:31.175Z: [RES] : 05d5df03-ce2a-45c6-af22-d634113151b0 | Response Status = 304

2024-03-26T08:15:18.052Z: [REQ] : 5dcaad39-c3a9-4d3b-8205-40a698431e03 | Client Address = ::1, Request URL= http://localhost:8080/users/get-all?page=1&usersPerPage=5&search=&course=

2024-03-26T08:15:18.052Z: [INF] : 5dcaad39-c3a9-4d3b-8205-40a698431e03 | Method = GET| Body = {} | Params = {} | Query = {"page":"1","usersPerPage":"5","search":"","course":""}

2024-03-26T08:15:18.052Z: [RES] : 5dcaad39-c3a9-4d3b-8205-40a698431e03 | Response Status = 304

2024-03-26T08:15:22.152Z: [REQ] : bb4d0396-1f17-4efb-a0e5-3f7fb840391f | Client Address = ::1, Request URL= http://localhost:8080/users/get-all?page=1&usersPerPage=5&search=&course=

2024-03-26T08:15:22.152Z: [INF] : bb4d0396-1f17-4efb-a0e5-3f7fb840391f | Method = GET| Body = {} | Params = {} | Query = {"page":"1","usersPerPage":"5","search":"","course":""}

2024-03-26T08:15:22.152Z: [RES] : bb4d0396-1f17-4efb-a0e5-3f7fb840391f | Response Status = 304

2024-03-26T08:15:26.318Z: [REQ] : 7ff57c00-2472-4eb9-baa9-9f5c343b5c23 | Client Address = ::1, Request URL= http://localhost:8080/notifications/get-notification-count

2024-03-26T08:15:26.318Z: [INF] : 7ff57c00-2472-4eb9-baa9-9f5c343b5c23 | Method = GET| Body = {} | Params = {} | Query = 

2024-03-26T08:15:26.330Z: [REQ] : ae068773-1dd1-4dbd-be45-691ba5f01a76 | Client Address = ::1, Request URL= http://localhost:8080/notifications/get-notification

2024-03-26T08:15:26.330Z: [INF] : ae068773-1dd1-4dbd-be45-691ba5f01a76 | Method = GET| Body = {} | Params = {} | Query = 

2024-03-26T08:15:26.318Z: [RES] : 7ff57c00-2472-4eb9-baa9-9f5c343b5c23 | Response Status = 304

2024-03-26T08:15:26.345Z: [REQ] : 6ecc49d6-596e-4c72-9f6f-a346a92894bb | Client Address = ::1, Request URL= http://localhost:8080/users/get-all?page=1&usersPerPage=5&search=&course=

2024-03-26T08:15:26.345Z: [INF] : 6ecc49d6-596e-4c72-9f6f-a346a92894bb | Method = GET| Body = {} | Params = {} | Query = {"page":"1","usersPerPage":"5","search":"","course":""}

2024-03-26T08:15:26.330Z: [RES] : ae068773-1dd1-4dbd-be45-691ba5f01a76 | Response Status = 304

2024-03-26T08:15:26.345Z: [RES] : 6ecc49d6-596e-4c72-9f6f-a346a92894bb | Response Status = 304

2024-03-26T08:15:37.930Z: [REQ] : bb24db40-e9b3-43fd-ac4e-6702e8921e3a | Client Address = ::1, Request URL= http://localhost:8080/api/login

2024-03-26T08:15:37.930Z: [INF] : bb24db40-e9b3-43fd-ac4e-6702e8921e3a | Method = POST| Body = {"email":"admin1@gmail.com"} | Params = {} | Query = 

2024-03-26T08:15:37.930Z: [RES] : bb24db40-e9b3-43fd-ac4e-6702e8921e3a | Response Status = 201

2024-03-26T08:15:38.049Z: [REQ] : 5843a824-8278-4c0e-93a7-2a2b5ea691af | Client Address = ::1, Request URL= http://localhost:8080/notifications/get-notification-count

2024-03-26T08:15:38.049Z: [INF] : 5843a824-8278-4c0e-93a7-2a2b5ea691af | Method = GET| Body = {} | Params = {} | Query = 

2024-03-26T08:15:38.052Z: [REQ] : e2677ec5-28ac-4b71-a38d-5b01d81e192d | Client Address = ::1, Request URL= http://localhost:8080/notifications/get-notification

2024-03-26T08:15:38.052Z: [INF] : e2677ec5-28ac-4b71-a38d-5b01d81e192d | Method = GET| Body = {} | Params = {} | Query = 

2024-03-26T08:15:38.054Z: [REQ] : 932867ce-313c-417a-b6b6-ff2cc6769f81 | Client Address = ::1, Request URL= http://localhost:8080/users/get-all?page=1&usersPerPage=5&search=&course=

2024-03-26T08:15:38.054Z: [INF] : 932867ce-313c-417a-b6b6-ff2cc6769f81 | Method = GET| Body = {} | Params = {} | Query = {"page":"1","usersPerPage":"5","search":"","course":""}

2024-03-26T08:15:38.049Z: [RES] : 5843a824-8278-4c0e-93a7-2a2b5ea691af | Response Status = 304

2024-03-26T08:15:38.052Z: [RES] : e2677ec5-28ac-4b71-a38d-5b01d81e192d | Response Status = 304

2024-03-26T08:15:38.054Z: [RES] : 932867ce-313c-417a-b6b6-ff2cc6769f81 | Response Status = 304

2024-03-26T08:16:39.779Z: [REQ] : 0a513599-62da-4143-9fe5-bc68a6496be3 | Client Address = ::1, Request URL= http://localhost:8080/notifications/get-notification-count

2024-03-26T08:16:39.779Z: [INF] : 0a513599-62da-4143-9fe5-bc68a6496be3 | Method = GET| Body = {} | Params = {} | Query = 

2024-03-26T08:16:39.779Z: [ERR] : 0a513599-62da-4143-9fe5-bc68a6496be3 | Message = [object Object]

2024-03-26T08:16:39.779Z: [ERR] : 0a513599-62da-4143-9fe5-bc68a6496be3 | Message = {"error":true,"message":"Authorization failed!"}

2024-03-26T08:16:39.779Z: [RES] : 0a513599-62da-4143-9fe5-bc68a6496be3 | Response Status = 401

2024-03-26T08:16:39.779Z: [RES] : 0a513599-62da-4143-9fe5-bc68a6496be3 | Response Status = 401

2024-03-26T08:16:39.783Z: [REQ] : a51a0a4d-4448-49df-a332-8fabecfab340 | Client Address = ::1, Request URL= http://localhost:8080/notifications/get-notification

2024-03-26T08:16:39.783Z: [INF] : a51a0a4d-4448-49df-a332-8fabecfab340 | Method = GET| Body = {} | Params = {} | Query = 

2024-03-26T08:16:39.783Z: [ERR] : a51a0a4d-4448-49df-a332-8fabecfab340 | Message = [object Object]

2024-03-26T08:16:39.783Z: [ERR] : a51a0a4d-4448-49df-a332-8fabecfab340 | Message = {"error":true,"message":"Authorization failed!"}

2024-03-26T08:16:39.783Z: [RES] : a51a0a4d-4448-49df-a332-8fabecfab340 | Response Status = 401

2024-03-26T08:16:39.783Z: [RES] : a51a0a4d-4448-49df-a332-8fabecfab340 | Response Status = 401

2024-03-26T08:16:39.795Z: [REQ] : 970375c2-308e-46ea-843b-a0d23303e017 | Client Address = ::1, Request URL= http://localhost:8080/users/get-all?page=1&usersPerPage=5&search=&course=

2024-03-26T08:16:39.795Z: [INF] : 970375c2-308e-46ea-843b-a0d23303e017 | Method = GET| Body = {} | Params = {} | Query = {"page":"1","usersPerPage":"5","search":"","course":""}

2024-03-26T08:16:39.795Z: [ERR] : 970375c2-308e-46ea-843b-a0d23303e017 | Message = [object Object]

2024-03-26T08:16:39.795Z: [ERR] : 970375c2-308e-46ea-843b-a0d23303e017 | Message = {"error":true,"message":"Authorization failed!"}

2024-03-26T08:16:39.795Z: [RES] : 970375c2-308e-46ea-843b-a0d23303e017 | Response Status = 401

2024-03-26T08:16:39.795Z: [RES] : 970375c2-308e-46ea-843b-a0d23303e017 | Response Status = 401

2024-03-26T08:16:39.806Z: [REQ] : 89687a5a-0040-4c3a-a2ed-d2fc302944d8 | Client Address = ::1, Request URL= http://localhost:8080/api/refresh-token/

2024-03-26T08:16:39.806Z: [INF] : 89687a5a-0040-4c3a-a2ed-d2fc302944d8 | Method = POST| Body = {} | Params = {} | Query = 

2024-03-26T08:16:39.809Z: [REQ] : 1474fbc4-c9cc-4db5-bb84-c5b4f12e898a | Client Address = ::1, Request URL= http://localhost:8080/api/refresh-token/

2024-03-26T08:16:39.809Z: [INF] : 1474fbc4-c9cc-4db5-bb84-c5b4f12e898a | Method = POST| Body = {} | Params = {} | Query = 

2024-03-26T08:16:39.813Z: [REQ] : aebafedd-0447-4608-8b2d-caa4c048074d | Client Address = ::1, Request URL= http://localhost:8080/api/refresh-token/

2024-03-26T08:16:39.813Z: [INF] : aebafedd-0447-4608-8b2d-caa4c048074d | Method = POST| Body = {} | Params = {} | Query = 

2024-03-26T08:16:39.806Z: [RES] : 89687a5a-0040-4c3a-a2ed-d2fc302944d8 | Response Status = 200

2024-03-26T08:16:39.809Z: [RES] : 1474fbc4-c9cc-4db5-bb84-c5b4f12e898a | Response Status = 200

2024-03-26T08:16:39.813Z: [RES] : aebafedd-0447-4608-8b2d-caa4c048074d | Response Status = 200

2024-03-26T08:16:39.849Z: [REQ] : 6f3e4533-98d4-4d64-8097-6429fd918504 | Client Address = ::1, Request URL= http://localhost:8080/notifications/get-notification-count

2024-03-26T08:16:39.849Z: [INF] : 6f3e4533-98d4-4d64-8097-6429fd918504 | Method = GET| Body = {} | Params = {} | Query = 

2024-03-26T08:16:39.849Z: [ERR] : 6f3e4533-98d4-4d64-8097-6429fd918504 | Message = [object Object]

2024-03-26T08:16:39.849Z: [ERR] : 6f3e4533-98d4-4d64-8097-6429fd918504 | Message = {"error":true,"message":"Authorization failed!"}

2024-03-26T08:16:39.849Z: [RES] : 6f3e4533-98d4-4d64-8097-6429fd918504 | Response Status = 401

2024-03-26T08:16:39.849Z: [RES] : 6f3e4533-98d4-4d64-8097-6429fd918504 | Response Status = 401

2024-03-26T08:16:39.856Z: [REQ] : 9ee9899d-1b74-4704-ba84-063f94166efd | Client Address = ::1, Request URL= http://localhost:8080/notifications/get-notification

2024-03-26T08:16:39.856Z: [INF] : 9ee9899d-1b74-4704-ba84-063f94166efd | Method = GET| Body = {} | Params = {} | Query = 

2024-03-26T08:16:39.856Z: [ERR] : 9ee9899d-1b74-4704-ba84-063f94166efd | Message = [object Object]

2024-03-26T08:16:39.856Z: [ERR] : 9ee9899d-1b74-4704-ba84-063f94166efd | Message = {"error":true,"message":"Authorization failed!"}

2024-03-26T08:16:39.856Z: [RES] : 9ee9899d-1b74-4704-ba84-063f94166efd | Response Status = 401

2024-03-26T08:16:39.856Z: [RES] : 9ee9899d-1b74-4704-ba84-063f94166efd | Response Status = 401

2024-03-26T08:16:39.871Z: [REQ] : cea5fa25-7f99-473d-96c3-0e5681b30d0e | Client Address = ::1, Request URL= http://localhost:8080/users/get-all/?page=1&usersPerPage=5&search=&course=

2024-03-26T08:16:39.871Z: [INF] : cea5fa25-7f99-473d-96c3-0e5681b30d0e | Method = GET| Body = {} | Params = {} | Query = {"page":"1","usersPerPage":"5","search":"","course":""}

2024-03-26T08:16:39.871Z: [RES] : cea5fa25-7f99-473d-96c3-0e5681b30d0e | Response Status = 304

2024-03-26T08:16:41.493Z: [REQ] : 12571ec9-ce23-477c-af1b-1ceea7096b6e | Client Address = ::1, Request URL= http://localhost:8080/notifications/get-notification-count

2024-03-26T08:16:41.493Z: [INF] : 12571ec9-ce23-477c-af1b-1ceea7096b6e | Method = GET| Body = {} | Params = {} | Query = 

2024-03-26T08:16:41.498Z: [REQ] : 929c8833-d121-4b87-9ffc-b5aecc131f27 | Client Address = ::1, Request URL= http://localhost:8080/notifications/get-notification

2024-03-26T08:16:41.498Z: [INF] : 929c8833-d121-4b87-9ffc-b5aecc131f27 | Method = GET| Body = {} | Params = {} | Query = 

2024-03-26T08:16:41.493Z: [RES] : 12571ec9-ce23-477c-af1b-1ceea7096b6e | Response Status = 304

2024-03-26T08:16:41.498Z: [RES] : 929c8833-d121-4b87-9ffc-b5aecc131f27 | Response Status = 304

2024-03-26T08:16:41.508Z: [REQ] : 85b54be2-7caf-4abf-91fd-11b70acd7020 | Client Address = ::1, Request URL= http://localhost:8080/users/get-all?page=1&usersPerPage=5&search=&course=

2024-03-26T08:16:41.508Z: [INF] : 85b54be2-7caf-4abf-91fd-11b70acd7020 | Method = GET| Body = {} | Params = {} | Query = {"page":"1","usersPerPage":"5","search":"","course":""}

2024-03-26T08:16:41.508Z: [RES] : 85b54be2-7caf-4abf-91fd-11b70acd7020 | Response Status = 304

2024-03-26T08:17:07.381Z: [REQ] : bb40c213-f4f9-4753-af62-b86e50bb7e4b | Client Address = ::1, Request URL= http://localhost:8080/users/get-all?page=1&usersPerPage=5&search=&course=

2024-03-26T08:17:07.381Z: [INF] : bb40c213-f4f9-4753-af62-b86e50bb7e4b | Method = GET| Body = {} | Params = {} | Query = {"page":"1","usersPerPage":"5","search":"","course":""}

2024-03-26T08:17:07.381Z: [RES] : bb40c213-f4f9-4753-af62-b86e50bb7e4b | Response Status = 304

2024-03-26T08:17:10.955Z: [REQ] : 71ba0543-42a4-4ed1-b0d4-257b867fbc4b | Client Address = ::1, Request URL= http://localhost:8080/notifications/get-notification-count

2024-03-26T08:17:10.955Z: [INF] : 71ba0543-42a4-4ed1-b0d4-257b867fbc4b | Method = GET| Body = {} | Params = {} | Query = 

2024-03-26T08:17:10.955Z: [RES] : 71ba0543-42a4-4ed1-b0d4-257b867fbc4b | Response Status = 304

2024-03-26T08:17:10.965Z: [REQ] : 81bb2baa-50fd-40dd-affb-a32a3a5e40ee | Client Address = ::1, Request URL= http://localhost:8080/users/get-all?page=1&usersPerPage=5&search=&course=

2024-03-26T08:17:10.965Z: [INF] : 81bb2baa-50fd-40dd-affb-a32a3a5e40ee | Method = GET| Body = {} | Params = {} | Query = {"page":"1","usersPerPage":"5","search":"","course":""}

2024-03-26T08:17:10.970Z: [REQ] : fca3d0a3-76b5-467f-9efb-f5444c4017c8 | Client Address = ::1, Request URL= http://localhost:8080/notifications/get-notification

2024-03-26T08:17:10.970Z: [INF] : fca3d0a3-76b5-467f-9efb-f5444c4017c8 | Method = GET| Body = {} | Params = {} | Query = 

2024-03-26T08:17:10.965Z: [RES] : 81bb2baa-50fd-40dd-affb-a32a3a5e40ee | Response Status = 304

2024-03-26T08:17:10.970Z: [RES] : fca3d0a3-76b5-467f-9efb-f5444c4017c8 | Response Status = 304

2024-03-26T08:17:22.539Z: [REQ] : 95913717-e5c4-48d1-b618-0e7c745e2e58 | Client Address = ::1, Request URL= http://localhost:8080/api/login

2024-03-26T08:17:22.539Z: [INF] : 95913717-e5c4-48d1-b618-0e7c745e2e58 | Method = POST| Body = {"email":"admin1@gmail.com"} | Params = {} | Query = 

2024-03-26T08:17:22.539Z: [RES] : 95913717-e5c4-48d1-b618-0e7c745e2e58 | Response Status = 201

2024-03-26T08:17:22.669Z: [REQ] : a16bd1f9-980c-4a9f-bc87-a401597c5273 | Client Address = ::1, Request URL= http://localhost:8080/notifications/get-notification-count

2024-03-26T08:17:22.669Z: [INF] : a16bd1f9-980c-4a9f-bc87-a401597c5273 | Method = GET| Body = {} | Params = {} | Query = 

2024-03-26T08:17:22.669Z: [RES] : a16bd1f9-980c-4a9f-bc87-a401597c5273 | Response Status = 304

2024-03-26T08:17:22.690Z: [REQ] : 7cce251d-c3ba-4ddb-a421-e95e7c88b8e7 | Client Address = ::1, Request URL= http://localhost:8080/notifications/get-notification

2024-03-26T08:17:22.690Z: [INF] : 7cce251d-c3ba-4ddb-a421-e95e7c88b8e7 | Method = GET| Body = {} | Params = {} | Query = 

2024-03-26T08:17:22.690Z: [RES] : 7cce251d-c3ba-4ddb-a421-e95e7c88b8e7 | Response Status = 304

2024-03-26T08:17:22.699Z: [REQ] : e0e9c437-ba2b-4008-8738-abd8948d896b | Client Address = ::1, Request URL= http://localhost:8080/users/get-all?page=1&usersPerPage=5&search=&course=

2024-03-26T08:17:22.699Z: [INF] : e0e9c437-ba2b-4008-8738-abd8948d896b | Method = GET| Body = {} | Params = {} | Query = {"page":"1","usersPerPage":"5","search":"","course":""}

2024-03-26T08:17:22.699Z: [RES] : e0e9c437-ba2b-4008-8738-abd8948d896b | Response Status = 304

2024-03-26T08:17:30.265Z: [REQ] : 001d8022-e824-43bf-b80d-e280c1f125cf | Client Address = ::1, Request URL= http://localhost:8080/notifications/mark-as-seen

2024-03-26T08:17:30.265Z: [INF] : 001d8022-e824-43bf-b80d-e280c1f125cf | Method = PUT| Body = {} | Params = {} | Query = 

2024-03-26T08:17:30.265Z: [RES] : 001d8022-e824-43bf-b80d-e280c1f125cf | Response Status = 200

2024-03-26T08:17:30.913Z: [REQ] : 07d1fb7c-22f1-454b-b495-12bd0317f1ca | Client Address = ::1, Request URL= http://localhost:8080/notifications/mark-as-seen

2024-03-26T08:17:30.913Z: [INF] : 07d1fb7c-22f1-454b-b495-12bd0317f1ca | Method = PUT| Body = {} | Params = {} | Query = 

2024-03-26T08:17:30.913Z: [RES] : 07d1fb7c-22f1-454b-b495-12bd0317f1ca | Response Status = 200

2024-03-26T08:17:52.133Z: [REQ] : a005076a-d3fc-40ef-b1d5-89ac725b5733 | Client Address = ::1, Request URL= http://localhost:8080/notifications/get-notification-count

2024-03-26T08:17:52.133Z: [INF] : a005076a-d3fc-40ef-b1d5-89ac725b5733 | Method = GET| Body = {} | Params = {} | Query = 

2024-03-26T08:17:52.133Z: [RES] : a005076a-d3fc-40ef-b1d5-89ac725b5733 | Response Status = 304

2024-03-26T08:17:52.144Z: [REQ] : 14364b61-3b76-49ef-8664-be55a82d22ec | Client Address = ::1, Request URL= http://localhost:8080/notifications/get-notification

2024-03-26T08:17:52.144Z: [INF] : 14364b61-3b76-49ef-8664-be55a82d22ec | Method = GET| Body = {} | Params = {} | Query = 

2024-03-26T08:17:52.144Z: [RES] : 14364b61-3b76-49ef-8664-be55a82d22ec | Response Status = 304

2024-03-26T08:17:52.160Z: [REQ] : eb4af7f7-e5d5-4d8f-9b0e-5fca8c51d1f8 | Client Address = ::1, Request URL= http://localhost:8080/users/get-all?page=1&usersPerPage=5&search=&course=

2024-03-26T08:17:52.160Z: [INF] : eb4af7f7-e5d5-4d8f-9b0e-5fca8c51d1f8 | Method = GET| Body = {} | Params = {} | Query = {"page":"1","usersPerPage":"5","search":"","course":""}

2024-03-26T08:17:52.160Z: [RES] : eb4af7f7-e5d5-4d8f-9b0e-5fca8c51d1f8 | Response Status = 304

2024-03-26T08:18:23.906Z: [REQ] : b8b4fcb7-a084-4266-98fa-645882a2222d | Client Address = ::1, Request URL= http://localhost:8080/notifications/get-notification-count

2024-03-26T08:18:23.906Z: [INF] : b8b4fcb7-a084-4266-98fa-645882a2222d | Method = GET| Body = {} | Params = {} | Query = 

2024-03-26T08:18:23.906Z: [ERR] : b8b4fcb7-a084-4266-98fa-645882a2222d | Message = [object Object]

2024-03-26T08:18:23.906Z: [ERR] : b8b4fcb7-a084-4266-98fa-645882a2222d | Message = {"error":true,"message":"Authorization failed!"}

2024-03-26T08:18:23.906Z: [RES] : b8b4fcb7-a084-4266-98fa-645882a2222d | Response Status = 401

2024-03-26T08:18:23.906Z: [RES] : b8b4fcb7-a084-4266-98fa-645882a2222d | Response Status = 401

2024-03-26T08:18:23.913Z: [REQ] : 916299de-6ce9-4f3b-9907-da7bd9514fbd | Client Address = ::1, Request URL= http://localhost:8080/notifications/get-notification

2024-03-26T08:18:23.913Z: [INF] : 916299de-6ce9-4f3b-9907-da7bd9514fbd | Method = GET| Body = {} | Params = {} | Query = 

2024-03-26T08:18:23.913Z: [ERR] : 916299de-6ce9-4f3b-9907-da7bd9514fbd | Message = [object Object]

2024-03-26T08:18:23.913Z: [ERR] : 916299de-6ce9-4f3b-9907-da7bd9514fbd | Message = {"error":true,"message":"Authorization failed!"}

2024-03-26T08:18:23.913Z: [RES] : 916299de-6ce9-4f3b-9907-da7bd9514fbd | Response Status = 401

2024-03-26T08:18:23.913Z: [RES] : 916299de-6ce9-4f3b-9907-da7bd9514fbd | Response Status = 401

2024-03-26T08:18:23.925Z: [REQ] : 9cbc5700-a4df-4179-8d36-70f572519884 | Client Address = ::1, Request URL= http://localhost:8080/users/get-all?page=1&usersPerPage=5&search=&course=

2024-03-26T08:18:23.925Z: [INF] : 9cbc5700-a4df-4179-8d36-70f572519884 | Method = GET| Body = {} | Params = {} | Query = {"page":"1","usersPerPage":"5","search":"","course":""}

2024-03-26T08:18:23.925Z: [ERR] : 9cbc5700-a4df-4179-8d36-70f572519884 | Message = [object Object]

2024-03-26T08:18:23.925Z: [ERR] : 9cbc5700-a4df-4179-8d36-70f572519884 | Message = {"error":true,"message":"Authorization failed!"}

2024-03-26T08:18:23.925Z: [RES] : 9cbc5700-a4df-4179-8d36-70f572519884 | Response Status = 401

2024-03-26T08:18:23.925Z: [RES] : 9cbc5700-a4df-4179-8d36-70f572519884 | Response Status = 401

2024-03-26T08:18:23.936Z: [REQ] : 517b8ac8-c6a7-4e86-9f0a-64203d0efbb8 | Client Address = ::1, Request URL= http://localhost:8080/api/refresh-token/

2024-03-26T08:18:23.936Z: [INF] : 517b8ac8-c6a7-4e86-9f0a-64203d0efbb8 | Method = POST| Body = {} | Params = {} | Query = 

2024-03-26T08:18:23.940Z: [REQ] : 9aaa235c-38eb-47be-a03c-412b0111774e | Client Address = ::1, Request URL= http://localhost:8080/api/refresh-token/

2024-03-26T08:18:23.940Z: [INF] : 9aaa235c-38eb-47be-a03c-412b0111774e | Method = POST| Body = {} | Params = {} | Query = 

2024-03-26T08:18:23.936Z: [RES] : 517b8ac8-c6a7-4e86-9f0a-64203d0efbb8 | Response Status = 200

2024-03-26T08:18:23.940Z: [RES] : 9aaa235c-38eb-47be-a03c-412b0111774e | Response Status = 200

2024-03-26T08:18:23.958Z: [REQ] : 19929f2d-b767-425a-9835-23d12b88ec23 | Client Address = ::1, Request URL= http://localhost:8080/notifications/get-notification-count

2024-03-26T08:18:23.958Z: [ERR] : 19929f2d-b767-425a-9835-23d12b88ec23 | Message = [object Object]

2024-03-26T08:18:23.958Z: [INF] : 19929f2d-b767-425a-9835-23d12b88ec23 | Method = GET| Body = {} | Params = {} | Query = 

2024-03-26T08:18:23.958Z: [ERR] : 19929f2d-b767-425a-9835-23d12b88ec23 | Message = {"error":true,"message":"Authorization failed!"}
