2024-03-27T07:41:42.351Z: [REQ] : e68a7a6c-ded6-4db9-9a0a-3a291768c963 | Client Address = ::ffff:127.0.0.1, Request URL= http://localhost:8087/

2024-03-27T07:41:42.351Z: [INF] : e68a7a6c-ded6-4db9-9a0a-3a291768c963 | Method = GET| Body = {} | Params = {} | Query = 

2024-03-27T07:41:42.351Z: [RES] : e68a7a6c-ded6-4db9-9a0a-3a291768c963 | Response Status = 404

2024-03-27T07:41:42.419Z: [REQ] : ab810be9-41be-47c0-bbc3-141b0a90d1ae | Client Address = ::ffff:127.0.0.1, Request URL= http://localhost:8087/favicon.ico

2024-03-27T07:41:42.419Z: [INF] : ab810be9-41be-47c0-bbc3-141b0a90d1ae | Method = GET| Body = {} | Params = {} | Query = 

2024-03-27T07:41:42.419Z: [RES] : ab810be9-41be-47c0-bbc3-141b0a90d1ae | Response Status = 404

2024-03-27T07:42:16.820Z: [REQ] : 6cd7411f-42ef-4484-b02e-c04041969ded | Client Address = ::ffff:127.0.0.1, Request URL= http://localhost:8087/

2024-03-27T07:42:16.820Z: [INF] : 6cd7411f-42ef-4484-b02e-c04041969ded | Method = GET| Body = {} | Params = {} | Query = 

2024-03-27T07:42:16.820Z: [RES] : 6cd7411f-42ef-4484-b02e-c04041969ded | Response Status = 404

2024-03-27T07:42:16.854Z: [REQ] : d6d07fb5-20ef-4949-97be-b5aa1204ac0d | Client Address = ::ffff:127.0.0.1, Request URL= http://localhost:8082/favicon.ico

2024-03-27T07:42:16.854Z: [INF] : d6d07fb5-20ef-4949-97be-b5aa1204ac0d | Method = GET| Body = {} | Params = {} | Query = 

2024-03-27T07:42:16.854Z: [RES] : d6d07fb5-20ef-4949-97be-b5aa1204ac0d | Response Status = 404

2024-03-27T07:42:17.791Z: [REQ] : 4a30dbcb-57b9-4bd5-b961-954f8dc651f9 | Client Address = ::ffff:127.0.0.1, Request URL= http://localhost:8085/

2024-03-27T07:42:17.791Z: [INF] : 4a30dbcb-57b9-4bd5-b961-954f8dc651f9 | Method = GET| Body = {} | Params = {} | Query = 

2024-03-27T07:42:17.791Z: [RES] : 4a30dbcb-57b9-4bd5-b961-954f8dc651f9 | Response Status = 404

2024-03-27T07:42:17.823Z: [REQ] : c7156c9c-43a3-4564-ba36-383fb87b2a38 | Client Address = ::ffff:127.0.0.1, Request URL= http://localhost:8082/favicon.ico

2024-03-27T07:42:17.823Z: [INF] : c7156c9c-43a3-4564-ba36-383fb87b2a38 | Method = GET| Body = {} | Params = {} | Query = 

2024-03-27T07:42:17.823Z: [RES] : c7156c9c-43a3-4564-ba36-383fb87b2a38 | Response Status = 404

2024-03-27T07:42:20.468Z: [REQ] : 55488a33-1c66-4de6-8c85-99d09f39de99 | Client Address = ::ffff:127.0.0.1, Request URL= http://localhost:8087/

2024-03-27T07:42:20.468Z: [INF] : 55488a33-1c66-4de6-8c85-99d09f39de99 | Method = GET| Body = {} | Params = {} | Query = 

2024-03-27T07:42:20.468Z: [RES] : 55488a33-1c66-4de6-8c85-99d09f39de99 | Response Status = 404

2024-03-27T07:42:20.494Z: [REQ] : 0111fbb1-1d1c-45fd-8c5b-aba96ade0e19 | Client Address = ::ffff:127.0.0.1, Request URL= http://localhost:8082/favicon.ico

2024-03-27T07:42:20.494Z: [INF] : 0111fbb1-1d1c-45fd-8c5b-aba96ade0e19 | Method = GET| Body = {} | Params = {} | Query = 

2024-03-27T07:42:20.494Z: [RES] : 0111fbb1-1d1c-45fd-8c5b-aba96ade0e19 | Response Status = 404

2024-03-27T07:42:39.604Z: [REQ] : 649c7a0c-d20d-404e-8315-72f7e856d469 | Client Address = ::ffff:127.0.0.1, Request URL= http://localhost:8087/api

2024-03-27T07:42:39.604Z: [INF] : 649c7a0c-d20d-404e-8315-72f7e856d469 | Method = GET| Body = {} | Params = {} | Query = 

2024-03-27T07:42:39.604Z: [RES] : 649c7a0c-d20d-404e-8315-72f7e856d469 | Response Status = 404

2024-03-27T07:42:39.656Z: [INF] : e1e36b35-c27e-4bbf-a633-bcb94e43b155 | Method = GET| Body = {} | Params = {} | Query = 

2024-03-27T07:42:39.656Z: [REQ] : e1e36b35-c27e-4bbf-a633-bcb94e43b155 | Client Address = ::ffff:127.0.0.1, Request URL= http://localhost:8085/favicon.ico

2024-03-27T07:42:39.656Z: [RES] : e1e36b35-c27e-4bbf-a633-bcb94e43b155 | Response Status = 404

2024-03-27T07:42:45.925Z: [REQ] : fb39ab7c-05e4-4292-a61b-2cb2cbd0d2a3 | Client Address = ::ffff:127.0.0.1, Request URL= http://localhost:8082/api

2024-03-27T07:42:45.925Z: [INF] : fb39ab7c-05e4-4292-a61b-2cb2cbd0d2a3 | Method = GET| Body = {} | Params = {} | Query = 

2024-03-27T07:42:45.925Z: [RES] : fb39ab7c-05e4-4292-a61b-2cb2cbd0d2a3 | Response Status = 404

2024-03-27T07:42:45.978Z: [REQ] : 070d2015-fbfe-4d40-9070-b02c3480c971 | Client Address = ::ffff:127.0.0.1, Request URL= http://localhost:8087/favicon.ico

2024-03-27T07:42:45.978Z: [INF] : 070d2015-fbfe-4d40-9070-b02c3480c971 | Method = GET| Body = {} | Params = {} | Query = 

2024-03-27T07:42:45.978Z: [RES] : 070d2015-fbfe-4d40-9070-b02c3480c971 | Response Status = 404

2024-03-27T07:44:23.034Z: [REQ] : bcf695d3-a607-4012-9f59-b73908a6ebb2 | Client Address = ::ffff:127.0.0.1, Request URL= http://localhost:8082/api

2024-03-27T07:44:23.034Z: [INF] : bcf695d3-a607-4012-9f59-b73908a6ebb2 | Method = GET| Body = {} | Params = {} | Query = 

2024-03-27T07:44:23.034Z: [RES] : bcf695d3-a607-4012-9f59-b73908a6ebb2 | Response Status = 404

2024-03-27T07:44:23.090Z: [REQ] : e96d1cd9-15b1-4e21-863e-3334534f6d6e | Client Address = ::ffff:127.0.0.1, Request URL= http://localhost:8087/favicon.ico

2024-03-27T07:44:23.090Z: [INF] : e96d1cd9-15b1-4e21-863e-3334534f6d6e | Method = GET| Body = {} | Params = {} | Query = 

2024-03-27T07:44:23.090Z: [RES] : e96d1cd9-15b1-4e21-863e-3334534f6d6e | Response Status = 404

2024-03-27T07:44:24.715Z: [REQ] : c26440de-8a8d-41ba-ab4c-7005028f0db2 | Client Address = ::ffff:127.0.0.1, Request URL= http://localhost:8082/

2024-03-27T07:44:24.715Z: [INF] : c26440de-8a8d-41ba-ab4c-7005028f0db2 | Method = GET| Body = {} | Params = {} | Query = 

2024-03-27T07:44:24.715Z: [RES] : c26440de-8a8d-41ba-ab4c-7005028f0db2 | Response Status = 404

2024-03-27T07:44:24.740Z: [REQ] : 86f7c713-937d-4909-9183-a2aedb14a484 | Client Address = ::ffff:127.0.0.1, Request URL= http://localhost:8082/favicon.ico

2024-03-27T07:44:24.740Z: [INF] : 86f7c713-937d-4909-9183-a2aedb14a484 | Method = GET| Body = {} | Params = {} | Query = 

2024-03-27T07:44:24.740Z: [RES] : 86f7c713-937d-4909-9183-a2aedb14a484 | Response Status = 404

2024-03-27T07:46:39.877Z: [REQ] : d9d5627d-d1ee-4ec1-b0bd-5c8dea76fc56 | Client Address = ::ffff:127.0.0.1, Request URL= http://localhost:8087/

2024-03-27T07:46:39.877Z: [INF] : d9d5627d-d1ee-4ec1-b0bd-5c8dea76fc56 | Method = GET| Body = {} | Params = {} | Query = 

2024-03-27T07:46:39.877Z: [RES] : d9d5627d-d1ee-4ec1-b0bd-5c8dea76fc56 | Response Status = 404

2024-03-27T07:46:39.908Z: [INF] : e828d5fe-2545-4645-8fe1-93b263421bc7 | Method = GET| Body = {} | Params = {} | Query = 

2024-03-27T07:46:39.908Z: [REQ] : e828d5fe-2545-4645-8fe1-93b263421bc7 | Client Address = ::ffff:127.0.0.1, Request URL= http://localhost:8082/favicon.ico

2024-03-27T07:46:39.908Z: [RES] : e828d5fe-2545-4645-8fe1-93b263421bc7 | Response Status = 404

2024-03-27T07:47:25.206Z: [REQ] : c9751680-743e-4a21-b317-995166cd2773 | Client Address = ::ffff:127.0.0.1, Request URL= http://localhost:8082/favicon.ico

2024-03-27T07:47:25.206Z: [INF] : c9751680-743e-4a21-b317-995166cd2773 | Method = GET| Body = {} | Params = {} | Query = 

2024-03-27T07:47:25.206Z: [RES] : c9751680-743e-4a21-b317-995166cd2773 | Response Status = 404

2024-03-27T07:47:25.241Z: [REQ] : 81ba1600-a7a3-4352-84e9-42f01db001e6 | Client Address = ::ffff:127.0.0.1, Request URL= http://localhost:8082/favicon.ico

2024-03-27T07:47:25.241Z: [INF] : 81ba1600-a7a3-4352-84e9-42f01db001e6 | Method = GET| Body = {} | Params = {} | Query = 

2024-03-27T07:47:25.241Z: [RES] : 81ba1600-a7a3-4352-84e9-42f01db001e6 | Response Status = 404

2024-03-27T07:53:22.220Z: [REQ] : 46d6d7ba-b352-4233-a280-d728aca3c64e | Client Address = ::ffff:127.0.0.1, Request URL= http://localhost:8087/

2024-03-27T07:53:22.220Z: [INF] : 46d6d7ba-b352-4233-a280-d728aca3c64e | Method = GET| Body = {} | Params = {} | Query = 

2024-03-27T07:53:22.220Z: [RES] : 46d6d7ba-b352-4233-a280-d728aca3c64e | Response Status = 404

2024-03-27T07:53:22.260Z: [REQ] : 4c13b615-5a2a-42cd-80a9-6c2bc6ccf54a | Client Address = ::ffff:127.0.0.1, Request URL= http://localhost:8082/favicon.ico

2024-03-27T07:53:22.260Z: [INF] : 4c13b615-5a2a-42cd-80a9-6c2bc6ccf54a | Method = GET| Body = {} | Params = {} | Query = 

2024-03-27T07:53:22.260Z: [RES] : 4c13b615-5a2a-42cd-80a9-6c2bc6ccf54a | Response Status = 404

2024-03-27T07:53:23.464Z: [REQ] : f82d5fdc-a7de-4deb-879e-ba2ee5838bc3 | Client Address = ::ffff:127.0.0.1, Request URL= http://localhost:8082/

2024-03-27T07:53:23.464Z: [INF] : f82d5fdc-a7de-4deb-879e-ba2ee5838bc3 | Method = GET| Body = {} | Params = {} | Query = 

2024-03-27T07:53:23.464Z: [RES] : f82d5fdc-a7de-4deb-879e-ba2ee5838bc3 | Response Status = 404

2024-03-27T07:53:23.501Z: [REQ] : 9abffd31-d941-46ef-aeb4-eb84dc65ee8f | Client Address = ::ffff:127.0.0.1, Request URL= http://localhost:8082/favicon.ico

2024-03-27T07:53:23.501Z: [INF] : 9abffd31-d941-46ef-aeb4-eb84dc65ee8f | Method = GET| Body = {} | Params = {} | Query = 

2024-03-27T07:53:23.501Z: [RES] : 9abffd31-d941-46ef-aeb4-eb84dc65ee8f | Response Status = 404

2024-03-27T07:53:24.413Z: [REQ] : a4dd0bed-6d8c-4b48-b52a-3d463ebbe211 | Client Address = ::ffff:127.0.0.1, Request URL= http://localhost:8082/

2024-03-27T07:53:24.413Z: [INF] : a4dd0bed-6d8c-4b48-b52a-3d463ebbe211 | Method = GET| Body = {} | Params = {} | Query = 

2024-03-27T07:53:24.413Z: [RES] : a4dd0bed-6d8c-4b48-b52a-3d463ebbe211 | Response Status = 404

2024-03-27T07:53:24.460Z: [REQ] : 80ca60f9-1c65-4447-a99f-c47b64e0cd1f | Client Address = ::ffff:127.0.0.1, Request URL= http://localhost:8082/favicon.ico

2024-03-27T07:53:24.460Z: [INF] : 80ca60f9-1c65-4447-a99f-c47b64e0cd1f | Method = GET| Body = {} | Params = {} | Query = 

2024-03-27T07:53:24.460Z: [RES] : 80ca60f9-1c65-4447-a99f-c47b64e0cd1f | Response Status = 404

2024-03-27T07:53:41.180Z: [REQ] : 8206e49c-c121-42b8-af32-53a6422353e8 | Client Address = ::ffff:127.0.0.1, Request URL= http://localhost:8087/

2024-03-27T07:53:41.180Z: [INF] : 8206e49c-c121-42b8-af32-53a6422353e8 | Method = GET| Body = {} | Params = {} | Query = 

2024-03-27T07:53:41.180Z: [RES] : 8206e49c-c121-42b8-af32-53a6422353e8 | Response Status = 404

2024-03-27T07:53:41.239Z: [REQ] : 62348e50-ee9c-441d-bdc3-1b0e01275c63 | Client Address = ::ffff:127.0.0.1, Request URL= http://localhost:8085/favicon.ico

2024-03-27T07:53:41.239Z: [INF] : 62348e50-ee9c-441d-bdc3-1b0e01275c63 | Method = GET| Body = {} | Params = {} | Query = 

2024-03-27T07:53:41.239Z: [RES] : 62348e50-ee9c-441d-bdc3-1b0e01275c63 | Response Status = 404

2024-03-27T08:12:47.429Z: [REQ] : 0cd38a42-9f44-47b0-a076-658f3e2e7c3a | Client Address = ::ffff:127.0.0.1, Request URL= http://localhost:8082/api/

2024-03-27T08:12:47.429Z: [INF] : 0cd38a42-9f44-47b0-a076-658f3e2e7c3a | Method = GET| Body = {} | Params = {} | Query = 

2024-03-27T08:12:47.429Z: [RES] : 0cd38a42-9f44-47b0-a076-658f3e2e7c3a | Response Status = 404

2024-03-27T08:12:47.508Z: [REQ] : 4c60429d-10d6-4a3d-bfa3-efdbf6e98bb9 | Client Address = ::ffff:127.0.0.1, Request URL= http://localhost:8082/favicon.ico

2024-03-27T08:12:47.508Z: [INF] : 4c60429d-10d6-4a3d-bfa3-efdbf6e98bb9 | Method = GET| Body = {} | Params = {} | Query = 

2024-03-27T08:12:47.508Z: [RES] : 4c60429d-10d6-4a3d-bfa3-efdbf6e98bb9 | Response Status = 404

2024-03-27T08:15:20.560Z: [REQ] : 13e72a77-3d8f-482c-8f62-3ee5ef84f986 | Client Address = ::ffff:127.0.0.1, Request URL= http://localhost:8087/api/

2024-03-27T08:15:20.560Z: [INF] : 13e72a77-3d8f-482c-8f62-3ee5ef84f986 | Method = GET| Body = {} | Params = {} | Query = 

2024-03-27T08:15:20.560Z: [RES] : 13e72a77-3d8f-482c-8f62-3ee5ef84f986 | Response Status = 404

2024-03-27T08:15:20.597Z: [REQ] : a00edba2-766f-4a03-8f61-ca19d90f3396 | Client Address = ::ffff:127.0.0.1, Request URL= http://localhost:8085/favicon.ico

2024-03-27T08:15:20.597Z: [INF] : a00edba2-766f-4a03-8f61-ca19d90f3396 | Method = GET| Body = {} | Params = {} | Query = 

2024-03-27T08:15:20.597Z: [RES] : a00edba2-766f-4a03-8f61-ca19d90f3396 | Response Status = 404

2024-03-27T08:15:27.057Z: [REQ] : d8722ce3-26ed-4cdf-acce-53b31725bee8 | Client Address = ::ffff:127.0.0.1, Request URL= http://localhost:8087/api/

2024-03-27T08:15:27.057Z: [INF] : d8722ce3-26ed-4cdf-acce-53b31725bee8 | Method = GET| Body = {} | Params = {} | Query = 

2024-03-27T08:15:27.057Z: [RES] : d8722ce3-26ed-4cdf-acce-53b31725bee8 | Response Status = 404

2024-03-27T08:15:27.116Z: [REQ] : 325f2a23-a0b8-4933-86c5-d36b787a1fcf | Client Address = ::ffff:127.0.0.1, Request URL= http://localhost:8087/favicon.ico

2024-03-27T08:15:27.116Z: [INF] : 325f2a23-a0b8-4933-86c5-d36b787a1fcf | Method = GET| Body = {} | Params = {} | Query = 

2024-03-27T08:15:27.116Z: [RES] : 325f2a23-a0b8-4933-86c5-d36b787a1fcf | Response Status = 404

2024-03-27T10:50:11.832Z: [REQ] : e9372b71-45b6-4927-baa4-e57f67bef37c | Client Address = ::1, Request URL= http://localhost:8082/

2024-03-27T10:50:11.832Z: [INF] : e9372b71-45b6-4927-baa4-e57f67bef37c | Method = GET| Body = {} | Params = {} | Query = 

2024-03-27T10:50:11.832Z: [RES] : e9372b71-45b6-4927-baa4-e57f67bef37c | Response Status = 404

2024-03-27T10:51:16.301Z: [REQ] : c1b6ccca-f8da-47f0-8fc1-4588c40e4080 | Client Address = ::1, Request URL= http://localhost:8082/

2024-03-27T10:51:16.301Z: [INF] : c1b6ccca-f8da-47f0-8fc1-4588c40e4080 | Method = GET| Body = {} | Params = {} | Query = 

2024-03-27T10:51:16.301Z: [RES] : c1b6ccca-f8da-47f0-8fc1-4588c40e4080 | Response Status = 404

2024-03-27T10:53:08.697Z: [REQ] : 989c7b77-8b98-406f-85f2-26c0542c7fe7 | Client Address = ::1, Request URL= http://localhost:8082/ss/

2024-03-27T10:53:08.697Z: [INF] : 989c7b77-8b98-406f-85f2-26c0542c7fe7 | Method = GET| Body = {} | Params = {} | Query = 

2024-03-27T10:53:08.697Z: [RES] : 989c7b77-8b98-406f-85f2-26c0542c7fe7 | Response Status = 304

2024-03-27T10:53:55.420Z: [REQ] : 2aa4e55d-05ae-45b5-b082-a045257302ab | Client Address = ::1, Request URL= http://localhost:8082/ss/

2024-03-27T10:53:55.420Z: [INF] : 2aa4e55d-05ae-45b5-b082-a045257302ab | Method = GET| Body = {} | Params = {} | Query = 

2024-03-27T10:53:55.420Z: [RES] : 2aa4e55d-05ae-45b5-b082-a045257302ab | Response Status = 304

2024-03-27T10:54:00.615Z: [REQ] : 2449532a-a8fe-4808-9213-7346cd8b5831 | Client Address = ::1, Request URL= http://localhost:8082/ss/

2024-03-27T10:54:00.615Z: [INF] : 2449532a-a8fe-4808-9213-7346cd8b5831 | Method = GET| Body = {} | Params = {} | Query = 

2024-03-27T10:54:00.615Z: [RES] : 2449532a-a8fe-4808-9213-7346cd8b5831 | Response Status = 304

2024-03-27T10:56:27.260Z: [REQ] : 3b222a40-b9eb-47a1-8462-a07852edeb13 | Client Address = ::1, Request URL= http://localhost:8087/ss/

2024-03-27T10:56:27.260Z: [RES] : 3b222a40-b9eb-47a1-8462-a07852edeb13 | Response Status = 200

2024-03-27T10:56:27.260Z: [INF] : 3b222a40-b9eb-47a1-8462-a07852edeb13 | Method = GET| Body = {} | Params = {} | Query = 

2024-03-27T10:56:27.308Z: [REQ] : ba64e071-c16a-4769-baac-2ed37dfece3d | Client Address = ::1, Request URL= http://localhost:8087/favicon.ico

2024-03-27T10:56:27.308Z: [INF] : ba64e071-c16a-4769-baac-2ed37dfece3d | Method = GET| Body = {} | Params = {} | Query = 

2024-03-27T10:56:35.810Z: [REQ] : 85e8463e-c46a-42b4-a1ba-07c6612523af | Client Address = ::1, Request URL= http://localhost:8087/ss/

2024-03-27T10:56:35.810Z: [INF] : 85e8463e-c46a-42b4-a1ba-07c6612523af | Method = GET| Body = {} | Params = {} | Query = 

2024-03-27T10:56:35.810Z: [RES] : 85e8463e-c46a-42b4-a1ba-07c6612523af | Response Status = 304

2024-03-27T10:56:35.870Z: [REQ] : 4ed7fdcb-0d53-421b-95f6-08642f5ea1d7 | Client Address = ::1, Request URL= http://localhost:8087/favicon.ico

2024-03-27T10:56:35.870Z: [INF] : 4ed7fdcb-0d53-421b-95f6-08642f5ea1d7 | Method = GET| Body = {} | Params = {} | Query = 

2024-03-27T10:56:47.939Z: [REQ] : 49cf5316-7de0-4deb-bb60-1c6040ba0db0 | Client Address = ::1, Request URL= http://localhost:8085/ss/

2024-03-27T10:56:47.939Z: [INF] : 49cf5316-7de0-4deb-bb60-1c6040ba0db0 | Method = GET| Body = {} | Params = {} | Query = 

2024-03-27T10:56:47.939Z: [RES] : 49cf5316-7de0-4deb-bb60-1c6040ba0db0 | Response Status = 200

2024-03-27T10:56:48.018Z: [REQ] : 1597151c-d6fa-410c-a840-5d63b5cd635a | Client Address = ::1, Request URL= http://localhost:8085/favicon.ico

2024-03-27T10:56:48.018Z: [INF] : 1597151c-d6fa-410c-a840-5d63b5cd635a | Method = GET| Body = {} | Params = {} | Query = 

2024-03-27T10:58:39.870Z: [REQ] : 7e9e8088-1a8e-43fa-8a02-cc9b4404e147 | Client Address = ::1, Request URL= http://localhost:8085/ss/

2024-03-27T10:58:39.870Z: [INF] : 7e9e8088-1a8e-43fa-8a02-cc9b4404e147 | Method = GET| Body = {} | Params = {} | Query = 

2024-03-27T10:58:39.870Z: [RES] : 7e9e8088-1a8e-43fa-8a02-cc9b4404e147 | Response Status = 404

2024-03-27T10:58:51.410Z: [REQ] : ffc8597a-4f43-4288-b749-caeb92d795a3 | Client Address = ::1, Request URL= http://localhost:8085/ss/

2024-03-27T10:58:51.410Z: [INF] : ffc8597a-4f43-4288-b749-caeb92d795a3 | Method = GET| Body = {} | Params = {} | Query = 

2024-03-27T10:58:51.410Z: [RES] : ffc8597a-4f43-4288-b749-caeb92d795a3 | Response Status = 404

2024-03-27T10:59:09.763Z: [REQ] : e4581156-dd00-402f-814b-24a6e5589015 | Client Address = ::1, Request URL= http://localhost:8085/

2024-03-27T10:59:09.763Z: [INF] : e4581156-dd00-402f-814b-24a6e5589015 | Method = GET| Body = {} | Params = {} | Query = 

2024-03-27T10:59:09.763Z: [RES] : e4581156-dd00-402f-814b-24a6e5589015 | Response Status = 404

2024-03-27T11:00:30.502Z: [REQ] : 48825b61-b80f-4800-8ba8-717c5eb23f39 | Client Address = ::1, Request URL= http://localhost:8085/

2024-03-27T11:00:30.502Z: [INF] : 48825b61-b80f-4800-8ba8-717c5eb23f39 | Method = GET| Body = {} | Params = {} | Query = 

2024-03-27T11:00:30.502Z: [RES] : 48825b61-b80f-4800-8ba8-717c5eb23f39 | Response Status = 200

2024-03-27T11:00:30.535Z: [REQ] : aabf0829-4356-42da-ac11-ccf9d1ffc5b2 | Client Address = ::1, Request URL= http://localhost:8085/favicon.ico

2024-03-27T11:00:30.535Z: [INF] : aabf0829-4356-42da-ac11-ccf9d1ffc5b2 | Method = GET| Body = {} | Params = {} | Query = 

2024-03-27T11:00:30.535Z: [RES] : aabf0829-4356-42da-ac11-ccf9d1ffc5b2 | Response Status = 404

2024-03-27T11:01:03.390Z: [REQ] : b5b56857-3bad-4530-b4d6-abe75210279f | Client Address = ::1, Request URL= http://localhost:8085/

2024-03-27T11:01:03.390Z: [INF] : b5b56857-3bad-4530-b4d6-abe75210279f | Method = GET| Body = {} | Params = {} | Query = 

2024-03-27T11:01:03.390Z: [RES] : b5b56857-3bad-4530-b4d6-abe75210279f | Response Status = 304

2024-03-27T11:01:22.519Z: [REQ] : 67b46657-9530-4c64-a5bb-ea2a21542327 | Client Address = ::1, Request URL= http://localhost:8082/

2024-03-27T11:01:22.519Z: [INF] : 67b46657-9530-4c64-a5bb-ea2a21542327 | Method = GET| Body = {} | Params = {} | Query = 

2024-03-27T11:01:22.519Z: [RES] : 67b46657-9530-4c64-a5bb-ea2a21542327 | Response Status = 200

2024-03-27T11:01:53.624Z: [REQ] : acaaadf8-e48e-4f2d-9eac-0211e8c16962 | Client Address = ::1, Request URL= http://localhost:8082/

2024-03-27T11:01:53.624Z: [INF] : acaaadf8-e48e-4f2d-9eac-0211e8c16962 | Method = GET| Body = {} | Params = {} | Query = 

2024-03-27T11:01:53.624Z: [RES] : acaaadf8-e48e-4f2d-9eac-0211e8c16962 | Response Status = 304

2024-03-27T11:02:02.493Z: [REQ] : 60aec9b0-380c-45fa-aec7-eaef5c16ca4e | Client Address = ::1, Request URL= http://localhost:8085/

2024-03-27T11:02:02.493Z: [INF] : 60aec9b0-380c-45fa-aec7-eaef5c16ca4e | Method = GET| Body = {} | Params = {} | Query = 

2024-03-27T11:02:02.493Z: [RES] : 60aec9b0-380c-45fa-aec7-eaef5c16ca4e | Response Status = 304

2024-03-27T11:04:11.209Z: [REQ] : 33a7a215-828c-41f6-a8ea-b26b63f373c5 | Client Address = ::1, Request URL= http://localhost:8082/

2024-03-27T11:04:11.209Z: [RES] : 33a7a215-828c-41f6-a8ea-b26b63f373c5 | Response Status = 304

2024-03-27T11:04:11.209Z: [INF] : 33a7a215-828c-41f6-a8ea-b26b63f373c5 | Method = GET| Body = {} | Params = {} | Query = 

2024-03-27T11:05:18.383Z: [REQ] : a84000b8-5013-4886-abc9-352ee8f2938b | Client Address = ::1, Request URL= http://localhost:8085/

2024-03-27T11:05:18.383Z: [INF] : a84000b8-5013-4886-abc9-352ee8f2938b | Method = GET| Body = {} | Params = {} | Query = 

2024-03-27T11:05:18.383Z: [RES] : a84000b8-5013-4886-abc9-352ee8f2938b | Response Status = 304

2024-03-27T11:12:09.048Z: [REQ] : 571160f2-c9f9-456c-8654-1944d8827f27 | Client Address = ::1, Request URL= http://localhost:8082/api/

2024-03-27T11:12:09.048Z: [INF] : 571160f2-c9f9-456c-8654-1944d8827f27 | Method = GET| Body = {} | Params = {} | Query = 

2024-03-27T11:12:09.048Z: [RES] : 571160f2-c9f9-456c-8654-1944d8827f27 | Response Status = 404

2024-03-27T11:25:45.425Z: [REQ] : 1e94ce62-4d69-4fa2-8f78-bb56ffcccb52 | Client Address = ::1, Request URL= http://localhost:8085/

2024-03-27T11:25:45.425Z: [INF] : 1e94ce62-4d69-4fa2-8f78-bb56ffcccb52 | Method = GET| Body = {} | Params = {} | Query = 

2024-03-27T11:25:45.425Z: [RES] : 1e94ce62-4d69-4fa2-8f78-bb56ffcccb52 | Response Status = 304

2024-03-27T11:36:33.180Z: [REQ] : 9c01e172-9a2e-4b37-96b8-2fff3eacce86 | Client Address = ::1, Request URL= http://localhost:8085/

2024-03-27T11:36:33.180Z: [INF] : 9c01e172-9a2e-4b37-96b8-2fff3eacce86 | Method = GET| Body = {} | Params = {} | Query = 

2024-03-27T11:36:33.180Z: [RES] : 9c01e172-9a2e-4b37-96b8-2fff3eacce86 | Response Status = 304

2024-03-27T11:36:51.973Z: [REQ] : 263794c0-cf45-4d43-8e35-5625a5d14c9a | Client Address = ::1, Request URL= http://localhost:8085/

2024-03-27T11:36:51.973Z: [INF] : 263794c0-cf45-4d43-8e35-5625a5d14c9a | Method = GET| Body = {} | Params = {} | Query = 

2024-03-27T11:36:51.973Z: [RES] : 263794c0-cf45-4d43-8e35-5625a5d14c9a | Response Status = 304

2024-03-27T11:37:11.452Z: [REQ] : 634ac4b7-319d-432f-a26a-f255e8459364 | Client Address = ::1, Request URL= http://localhost:8085/

2024-03-27T11:37:11.452Z: [INF] : 634ac4b7-319d-432f-a26a-f255e8459364 | Method = GET| Body = {} | Params = {} | Query = 

2024-03-27T11:37:11.452Z: [RES] : 634ac4b7-319d-432f-a26a-f255e8459364 | Response Status = 304

2024-03-27T11:37:14.934Z: [REQ] : 9c35277e-0e26-4fc8-adb2-82c9842282e6 | Client Address = ::1, Request URL= http://localhost:8085/

2024-03-27T11:37:14.934Z: [INF] : 9c35277e-0e26-4fc8-adb2-82c9842282e6 | Method = GET| Body = {} | Params = {} | Query = 

2024-03-27T11:37:14.934Z: [RES] : 9c35277e-0e26-4fc8-adb2-82c9842282e6 | Response Status = 304

2024-03-27T11:37:19.436Z: [REQ] : 31441c41-252d-48ff-bd31-af8b88e9d42b | Client Address = ::1, Request URL= http://localhost:8085/

2024-03-27T11:37:19.436Z: [INF] : 31441c41-252d-48ff-bd31-af8b88e9d42b | Method = GET| Body = {} | Params = {} | Query = 

2024-03-27T11:37:19.436Z: [RES] : 31441c41-252d-48ff-bd31-af8b88e9d42b | Response Status = 304

2024-03-27T11:37:31.265Z: [REQ] : 050c7b6f-6e00-40de-b327-4555d95a1e76 | Client Address = ::1, Request URL= http://localhost:8085/

2024-03-27T11:37:31.265Z: [INF] : 050c7b6f-6e00-40de-b327-4555d95a1e76 | Method = GET| Body = {} | Params = {} | Query = 

2024-03-27T11:37:31.265Z: [RES] : 050c7b6f-6e00-40de-b327-4555d95a1e76 | Response Status = 304

2024-03-27T12:10:13.522Z: [REQ] : 3315db25-212a-43bd-a3f7-018ef9c7c698 | Client Address = ::1, Request URL= http://localhost:8082/

2024-03-27T12:10:13.522Z: [INF] : 3315db25-212a-43bd-a3f7-018ef9c7c698 | Method = GET| Body = {} | Params = {} | Query = 

2024-03-27T12:10:13.522Z: [RES] : 3315db25-212a-43bd-a3f7-018ef9c7c698 | Response Status = 304

2024-03-27T12:10:35.412Z: [REQ] : cc073c1d-3284-4ad5-8d34-43704544332b | Client Address = ::1, Request URL= http://localhost:8082/

2024-03-27T12:10:35.412Z: [INF] : cc073c1d-3284-4ad5-8d34-43704544332b | Method = GET| Body = {} | Params = {} | Query = 

2024-03-27T12:10:35.412Z: [RES] : cc073c1d-3284-4ad5-8d34-43704544332b | Response Status = 304

2024-03-27T12:10:39.426Z: [REQ] : 3cede735-7998-41d7-ba38-62f4234588da | Client Address = ::1, Request URL= http://localhost:8082/

2024-03-27T12:10:39.426Z: [INF] : 3cede735-7998-41d7-ba38-62f4234588da | Method = GET| Body = {} | Params = {} | Query = 

2024-03-27T12:10:39.426Z: [RES] : 3cede735-7998-41d7-ba38-62f4234588da | Response Status = 304

2024-03-27T12:10:49.921Z: [REQ] : c1606e72-41a3-48fe-ab52-7a845f626463 | Client Address = ::1, Request URL= http://localhost:8082/

2024-03-27T12:10:49.921Z: [INF] : c1606e72-41a3-48fe-ab52-7a845f626463 | Method = GET| Body = {} | Params = {} | Query = 

2024-03-27T12:10:49.921Z: [RES] : c1606e72-41a3-48fe-ab52-7a845f626463 | Response Status = 304

2024-03-27T12:11:10.569Z: [REQ] : e3fac975-69e7-46bf-85e6-91e294d14238 | Client Address = ::1, Request URL= http://localhost:8082/favicon.ico

2024-03-27T12:11:10.569Z: [INF] : e3fac975-69e7-46bf-85e6-91e294d14238 | Method = GET| Body = {} | Params = {} | Query = 

2024-03-27T12:11:10.569Z: [RES] : e3fac975-69e7-46bf-85e6-91e294d14238 | Response Status = 204

2024-03-27T12:13:14.049Z: [REQ] : f0f432e5-21f8-43fb-a621-a48f5ed5a368 | Client Address = ::1, Request URL= http://localhost:8082/

2024-03-27T12:13:14.049Z: [INF] : f0f432e5-21f8-43fb-a621-a48f5ed5a368 | Method = GET| Body = {} | Params = {} | Query = 

2024-03-27T12:13:14.049Z: [RES] : f0f432e5-21f8-43fb-a621-a48f5ed5a368 | Response Status = 304

2024-03-27T12:13:19.843Z: [REQ] : 0193d08c-fb25-4ee5-a871-4a81b119b717 | Client Address = ::1, Request URL= http://localhost:8082/

2024-03-27T12:13:19.843Z: [INF] : 0193d08c-fb25-4ee5-a871-4a81b119b717 | Method = GET| Body = {} | Params = {} | Query = 

2024-03-27T12:13:19.843Z: [RES] : 0193d08c-fb25-4ee5-a871-4a81b119b717 | Response Status = 304

2024-03-27T12:13:48.076Z: [REQ] : a8924111-adf8-41c5-a46c-ead77a8d1a5d | Client Address = ::1, Request URL= http://localhost:8082/

2024-03-27T12:13:48.076Z: [INF] : a8924111-adf8-41c5-a46c-ead77a8d1a5d | Method = GET| Body = {} | Params = {} | Query = 

2024-03-27T12:13:48.076Z: [RES] : a8924111-adf8-41c5-a46c-ead77a8d1a5d | Response Status = 304

2024-03-27T12:13:51.713Z: [REQ] : f8cdc173-8d03-4cfc-8d18-587223ae11ca | Client Address = ::1, Request URL= http://localhost:8082/

2024-03-27T12:13:51.713Z: [INF] : f8cdc173-8d03-4cfc-8d18-587223ae11ca | Method = GET| Body = {} | Params = {} | Query = 

2024-03-27T12:13:51.713Z: [RES] : f8cdc173-8d03-4cfc-8d18-587223ae11ca | Response Status = 304

2024-03-27T12:13:58.709Z: [REQ] : 2ee05402-2c10-4726-aaf8-a329a6040a12 | Client Address = ::1, Request URL= http://localhost:8082/

2024-03-27T12:13:58.709Z: [INF] : 2ee05402-2c10-4726-aaf8-a329a6040a12 | Method = GET| Body = {} | Params = {} | Query = 

2024-03-27T12:13:58.709Z: [RES] : 2ee05402-2c10-4726-aaf8-a329a6040a12 | Response Status = 304

2024-03-27T12:14:03.531Z: [REQ] : 8d020bd3-3a27-4a7f-9c7a-be44cf1b788f | Client Address = ::1, Request URL= http://localhost:8082/

2024-03-27T12:14:03.531Z: [INF] : 8d020bd3-3a27-4a7f-9c7a-be44cf1b788f | Method = GET| Body = {} | Params = {} | Query = 

2024-03-27T12:14:03.531Z: [RES] : 8d020bd3-3a27-4a7f-9c7a-be44cf1b788f | Response Status = 304

2024-03-27T12:14:11.443Z: [REQ] : 95372d14-14bf-4b1a-b057-e5a604723e10 | Client Address = ::1, Request URL= http://localhost:8085/

2024-03-27T12:14:11.443Z: [INF] : 95372d14-14bf-4b1a-b057-e5a604723e10 | Method = GET| Body = {} | Params = {} | Query = 

2024-03-27T12:14:11.443Z: [RES] : 95372d14-14bf-4b1a-b057-e5a604723e10 | Response Status = 304

2024-03-27T12:14:27.418Z: [REQ] : 7638960a-66bd-4fa6-a355-2d8b1278ee4d | Client Address = ::1, Request URL= http://localhost:8085/

2024-03-27T12:14:27.418Z: [INF] : 7638960a-66bd-4fa6-a355-2d8b1278ee4d | Method = GET| Body = {} | Params = {} | Query = 

2024-03-27T12:14:27.418Z: [RES] : 7638960a-66bd-4fa6-a355-2d8b1278ee4d | Response Status = 304

2024-03-27T12:14:32.251Z: [REQ] : ca51dd47-23e7-4a06-93d7-26a753ebd02e | Client Address = ::1, Request URL= http://localhost:8085/

2024-03-27T12:14:32.251Z: [INF] : ca51dd47-23e7-4a06-93d7-26a753ebd02e | Method = GET| Body = {} | Params = {} | Query = 

2024-03-27T12:14:32.251Z: [RES] : ca51dd47-23e7-4a06-93d7-26a753ebd02e | Response Status = 304

2024-03-27T12:14:36.748Z: [REQ] : 8615f0d5-1a8d-432b-8a6b-4ed786b97c14 | Client Address = ::1, Request URL= http://localhost:8085/

2024-03-27T12:14:36.748Z: [INF] : 8615f0d5-1a8d-432b-8a6b-4ed786b97c14 | Method = GET| Body = {} | Params = {} | Query = 

2024-03-27T12:14:36.748Z: [RES] : 8615f0d5-1a8d-432b-8a6b-4ed786b97c14 | Response Status = 304

2024-03-27T12:14:54.480Z: [REQ] : 3c92a81f-701d-4cf0-8764-5bbc515e18c2 | Client Address = ::1, Request URL= http://localhost:8087/

2024-03-27T12:14:54.480Z: [INF] : 3c92a81f-701d-4cf0-8764-5bbc515e18c2 | Method = GET| Body = {} | Params = {} | Query = 

2024-03-27T12:14:54.480Z: [RES] : 3c92a81f-701d-4cf0-8764-5bbc515e18c2 | Response Status = 200

2024-03-27T12:14:54.529Z: [REQ] : 7565de41-2399-481c-a1a2-a04e1b82d6b4 | Client Address = ::1, Request URL= http://localhost:8087/favicon.ico

2024-03-27T12:14:54.529Z: [INF] : 7565de41-2399-481c-a1a2-a04e1b82d6b4 | Method = GET| Body = {} | Params = {} | Query = 

2024-03-27T12:14:54.529Z: [RES] : 7565de41-2399-481c-a1a2-a04e1b82d6b4 | Response Status = 204

2024-03-27T12:15:00.334Z: [REQ] : b3f74a72-8697-4255-871a-11c8cdb3f5f0 | Client Address = ::1, Request URL= http://localhost:8087/

2024-03-27T12:15:00.334Z: [INF] : b3f74a72-8697-4255-871a-11c8cdb3f5f0 | Method = GET| Body = {} | Params = {} | Query = 

2024-03-27T12:15:00.334Z: [RES] : b3f74a72-8697-4255-871a-11c8cdb3f5f0 | Response Status = 304

2024-03-27T12:15:00.378Z: [REQ] : 94bab481-effc-468a-803c-d7ee6c333ce4 | Client Address = ::1, Request URL= http://localhost:8087/favicon.ico

2024-03-27T12:15:00.378Z: [INF] : 94bab481-effc-468a-803c-d7ee6c333ce4 | Method = GET| Body = {} | Params = {} | Query = 

2024-03-27T12:15:00.378Z: [RES] : 94bab481-effc-468a-803c-d7ee6c333ce4 | Response Status = 204

2024-03-27T12:15:12.356Z: [REQ] : 74ec5446-867f-49c8-8e0f-1d7f3e963f83 | Client Address = ::1, Request URL= http://localhost:8085/

2024-03-27T12:15:12.356Z: [INF] : 74ec5446-867f-49c8-8e0f-1d7f3e963f83 | Method = GET| Body = {} | Params = {} | Query = 

2024-03-27T12:15:12.356Z: [RES] : 74ec5446-867f-49c8-8e0f-1d7f3e963f83 | Response Status = 304

2024-03-27T12:17:31.077Z: [REQ] : a7be859f-7878-4284-ad6f-d6dfc1bb03fd | Client Address = ::1, Request URL= http://localhost:8085/

2024-03-27T12:17:31.077Z: [INF] : a7be859f-7878-4284-ad6f-d6dfc1bb03fd | Method = GET| Body = {} | Params = {} | Query = 

2024-03-27T12:17:31.077Z: [RES] : a7be859f-7878-4284-ad6f-d6dfc1bb03fd | Response Status = 304

2024-03-27T12:17:45.600Z: [REQ] : 555dd158-5771-40f5-b0bb-b4a8cb9272f3 | Client Address = ::1, Request URL= http://localhost:8085/

2024-03-27T12:17:45.600Z: [INF] : 555dd158-5771-40f5-b0bb-b4a8cb9272f3 | Method = GET| Body = {} | Params = {} | Query = 

2024-03-27T12:17:45.600Z: [RES] : 555dd158-5771-40f5-b0bb-b4a8cb9272f3 | Response Status = 304

2024-03-27T12:17:52.621Z: [REQ] : 0b014c53-cd4e-444b-bd9c-2a7d4dce5b4a | Client Address = ::1, Request URL= http://localhost:8085/

2024-03-27T12:17:52.621Z: [INF] : 0b014c53-cd4e-444b-bd9c-2a7d4dce5b4a | Method = GET| Body = {} | Params = {} | Query = 

2024-03-27T12:17:52.621Z: [RES] : 0b014c53-cd4e-444b-bd9c-2a7d4dce5b4a | Response Status = 304

2024-03-27T12:44:40.898Z: [REQ] : caf6abc1-12df-41bf-9d64-6d3293933708 | Client Address = ::ffff:127.0.0.1, Request URL= http://localhost:8087/

2024-03-27T12:44:40.898Z: [INF] : caf6abc1-12df-41bf-9d64-6d3293933708 | Method = GET| Body = {} | Params = {} | Query = 

2024-03-27T12:44:40.898Z: [RES] : caf6abc1-12df-41bf-9d64-6d3293933708 | Response Status = 404

2024-03-27T12:44:40.968Z: [REQ] : 32c43f62-a335-40bf-aa5f-ef418130278c | Client Address = ::ffff:127.0.0.1, Request URL= http://localhost:8082/favicon.ico

2024-03-27T12:44:40.968Z: [INF] : 32c43f62-a335-40bf-aa5f-ef418130278c | Method = GET| Body = {} | Params = {} | Query = 

2024-03-27T12:44:40.968Z: [RES] : 32c43f62-a335-40bf-aa5f-ef418130278c | Response Status = 404

2024-03-27T12:46:32.721Z: [REQ] : 5b0401aa-0f55-4018-8c2c-3add04cf1a5c | Client Address = ::ffff:127.0.0.1, Request URL= http://localhost:8087/

2024-03-27T12:46:32.721Z: [INF] : 5b0401aa-0f55-4018-8c2c-3add04cf1a5c | Method = GET| Body = {} | Params = {} | Query = 

2024-03-27T12:46:32.721Z: [RES] : 5b0401aa-0f55-4018-8c2c-3add04cf1a5c | Response Status = 404

2024-03-27T12:46:32.760Z: [REQ] : f9086a0f-bc64-430a-8b29-b14b0eef7631 | Client Address = ::ffff:127.0.0.1, Request URL= http://localhost:8082/favicon.ico

2024-03-27T12:46:32.760Z: [INF] : f9086a0f-bc64-430a-8b29-b14b0eef7631 | Method = GET| Body = {} | Params = {} | Query = 

2024-03-27T12:46:32.760Z: [RES] : f9086a0f-bc64-430a-8b29-b14b0eef7631 | Response Status = 404

2024-03-27T12:46:50.175Z: [REQ] : 62e550d2-ded1-4202-91e8-c741186e51cb | Client Address = ::ffff:127.0.0.1, Request URL= http://localhost:8082/

2024-03-27T12:46:50.175Z: [INF] : 62e550d2-ded1-4202-91e8-c741186e51cb | Method = GET| Body = {} | Params = {} | Query = 

2024-03-27T12:46:50.175Z: [RES] : 62e550d2-ded1-4202-91e8-c741186e51cb | Response Status = 404

2024-03-27T12:46:58.081Z: [REQ] : fc112a83-1b7d-4e5c-9e29-667f029fc532 | Client Address = ::ffff:127.0.0.1, Request URL= http://localhost:8082/

2024-03-27T12:46:58.081Z: [INF] : fc112a83-1b7d-4e5c-9e29-667f029fc532 | Method = GET| Body = {} | Params = {} | Query = 

2024-03-27T12:46:58.081Z: [RES] : fc112a83-1b7d-4e5c-9e29-667f029fc532 | Response Status = 404

2024-03-27T12:47:18.342Z: [REQ] : edfd902c-fae1-4bbc-833b-61f05737403a | Client Address = ::1, Request URL= http://localhost:8085/

2024-03-27T12:47:18.342Z: [INF] : edfd902c-fae1-4bbc-833b-61f05737403a | Method = GET| Body = {} | Params = {} | Query = 

2024-03-27T12:47:18.342Z: [RES] : edfd902c-fae1-4bbc-833b-61f05737403a | Response Status = 404

2024-03-27T12:47:28.388Z: [REQ] : 73b975ec-a03d-4c29-a76d-28defea52bb7 | Client Address = ::1, Request URL= http://localhost:8085/ss/

2024-03-27T12:47:28.388Z: [INF] : 73b975ec-a03d-4c29-a76d-28defea52bb7 | Method = GET| Body = {} | Params = {} | Query = 

2024-03-27T12:47:28.388Z: [RES] : 73b975ec-a03d-4c29-a76d-28defea52bb7 | Response Status = 404

2024-03-27T12:48:13.926Z: [REQ] : 8c6e9d27-0056-4a86-b4d1-9b2add9182e1 | Client Address = ::ffff:127.0.0.1, Request URL= http://localhost:8087/

2024-03-27T12:48:13.926Z: [INF] : 8c6e9d27-0056-4a86-b4d1-9b2add9182e1 | Method = GET| Body = {} | Params = {} | Query = 

2024-03-27T12:48:13.926Z: [RES] : 8c6e9d27-0056-4a86-b4d1-9b2add9182e1 | Response Status = 200

2024-03-27T12:48:28.343Z: [REQ] : 38671f28-a1c7-45f4-ba20-3b10d9369852 | Client Address = ::1, Request URL= http://localhost:8085/

2024-03-27T12:48:28.343Z: [INF] : 38671f28-a1c7-45f4-ba20-3b10d9369852 | Method = GET| Body = {} | Params = {} | Query = 

2024-03-27T12:48:28.343Z: [RES] : 38671f28-a1c7-45f4-ba20-3b10d9369852 | Response Status = 200

2024-03-27T12:48:38.900Z: [REQ] : 6d763ac3-136d-4899-8613-ec1db3a71b84 | Client Address = ::ffff:127.0.0.1, Request URL= http://localhost:8082/

2024-03-27T12:48:38.900Z: [INF] : 6d763ac3-136d-4899-8613-ec1db3a71b84 | Method = GET| Body = {} | Params = {} | Query = 

2024-03-27T12:48:38.900Z: [RES] : 6d763ac3-136d-4899-8613-ec1db3a71b84 | Response Status = 200

2024-03-27T12:48:43.540Z: [REQ] : dd6d1cea-30aa-4535-ac26-ff5e8f47ced9 | Client Address = ::ffff:127.0.0.1, Request URL= http://localhost:8082/

2024-03-27T12:48:43.540Z: [INF] : dd6d1cea-30aa-4535-ac26-ff5e8f47ced9 | Method = GET| Body = {} | Params = {} | Query = 

2024-03-27T12:48:43.540Z: [RES] : dd6d1cea-30aa-4535-ac26-ff5e8f47ced9 | Response Status = 200

2024-03-27T12:49:35.402Z: [REQ] : 0bbce44e-c032-4e78-b017-e1f15602bc1b | Client Address = ::ffff:127.0.0.1, Request URL= http://localhost:8087/

2024-03-27T12:49:35.402Z: [INF] : 0bbce44e-c032-4e78-b017-e1f15602bc1b | Method = GET| Body = {} | Params = {} | Query = 

2024-03-27T12:49:35.402Z: [RES] : 0bbce44e-c032-4e78-b017-e1f15602bc1b | Response Status = 200

2024-03-27T12:52:17.729Z: [REQ] : 0b5aa646-0c52-4a78-a313-2bd55a5fd71f | Client Address = ::ffff:127.0.0.1, Request URL= http://localhost:8085/

2024-03-27T12:52:17.729Z: [INF] : 0b5aa646-0c52-4a78-a313-2bd55a5fd71f | Method = GET| Body = {} | Params = {} | Query = 

2024-03-27T12:52:17.729Z: [RES] : 0b5aa646-0c52-4a78-a313-2bd55a5fd71f | Response Status = 200

2024-03-27T13:07:54.921Z: [REQ] : 3d6cf1ce-dd44-406a-89fd-5a4823c217c6 | Client Address = ::ffff:127.0.0.1, Request URL= http://localhost:8085/

2024-03-27T13:07:54.921Z: [INF] : 3d6cf1ce-dd44-406a-89fd-5a4823c217c6 | Method = GET| Body = {} | Params = {} | Query = 

2024-03-27T13:07:54.921Z: [RES] : 3d6cf1ce-dd44-406a-89fd-5a4823c217c6 | Response Status = 200

2024-03-27T13:26:48.175Z: [REQ] : c5efaa66-a9ab-4f6a-9f4c-ff59eef92538 | Client Address = ::ffff:127.0.0.1, Request URL= http://localhost:8081/

2024-03-27T13:26:48.175Z: [INF] : c5efaa66-a9ab-4f6a-9f4c-ff59eef92538 | Method = GET| Body = {} | Params = {} | Query = 

2024-03-27T13:26:48.175Z: [RES] : c5efaa66-a9ab-4f6a-9f4c-ff59eef92538 | Response Status = 200

2024-03-27T13:26:57.354Z: [REQ] : d00580b9-0287-4f48-a746-4c0092678b6d | Client Address = ::ffff:127.0.0.1, Request URL= http://localhost:8082/

2024-03-27T13:26:57.354Z: [INF] : d00580b9-0287-4f48-a746-4c0092678b6d | Method = GET| Body = {} | Params = {} | Query = 

2024-03-27T13:26:57.354Z: [RES] : d00580b9-0287-4f48-a746-4c0092678b6d | Response Status = 200

2024-03-27T13:27:01.394Z: [REQ] : 82c5e288-f540-4601-b349-32be3ae50ef3 | Client Address = ::ffff:127.0.0.1, Request URL= http://localhost:8085/

2024-03-27T13:27:01.394Z: [INF] : 82c5e288-f540-4601-b349-32be3ae50ef3 | Method = GET| Body = {} | Params = {} | Query = 

2024-03-27T13:27:01.394Z: [RES] : 82c5e288-f540-4601-b349-32be3ae50ef3 | Response Status = 200

2024-03-27T13:27:06.485Z: [REQ] : 3bd268bd-00f3-4c65-af2d-c1cb024c4d7c | Client Address = ::ffff:127.0.0.1, Request URL= http://localhost:8087/

2024-03-27T13:27:06.485Z: [INF] : 3bd268bd-00f3-4c65-af2d-c1cb024c4d7c | Method = GET| Body = {} | Params = {} | Query = 

2024-03-27T13:27:06.485Z: [RES] : 3bd268bd-00f3-4c65-af2d-c1cb024c4d7c | Response Status = 200

2024-03-27T13:27:13.768Z: [REQ] : b1bcdac0-6686-4092-8660-3003f6f543d4 | Client Address = ::ffff:127.0.0.1, Request URL= http://localhost:8085/

2024-03-27T13:27:13.768Z: [INF] : b1bcdac0-6686-4092-8660-3003f6f543d4 | Method = GET| Body = {} | Params = {} | Query = 

2024-03-27T13:27:13.768Z: [RES] : b1bcdac0-6686-4092-8660-3003f6f543d4 | Response Status = 200

2024-03-27T13:27:17.742Z: [REQ] : 0d57ce12-1de9-4b45-abdc-192ad780bf11 | Client Address = ::ffff:127.0.0.1, Request URL= http://localhost:8087/

2024-03-27T13:27:17.742Z: [INF] : 0d57ce12-1de9-4b45-abdc-192ad780bf11 | Method = GET| Body = {} | Params = {} | Query = 

2024-03-27T13:27:17.742Z: [RES] : 0d57ce12-1de9-4b45-abdc-192ad780bf11 | Response Status = 200

2024-03-27T13:27:24.203Z: [REQ] : 8ee997d6-cd68-4b63-8c5f-51d565b6136b | Client Address = ::ffff:127.0.0.1, Request URL= http://localhost:8082/

2024-03-27T13:27:24.203Z: [INF] : 8ee997d6-cd68-4b63-8c5f-51d565b6136b | Method = GET| Body = {} | Params = {} | Query = 

2024-03-27T13:27:24.203Z: [RES] : 8ee997d6-cd68-4b63-8c5f-51d565b6136b | Response Status = 200

2024-03-27T13:27:26.099Z: [REQ] : ac2e2c49-6358-4744-9b4e-11ed71d798c6 | Client Address = ::ffff:127.0.0.1, Request URL= http://localhost:8085/

2024-03-27T13:27:26.099Z: [INF] : ac2e2c49-6358-4744-9b4e-11ed71d798c6 | Method = GET| Body = {} | Params = {} | Query = 

2024-03-27T13:27:26.099Z: [RES] : ac2e2c49-6358-4744-9b4e-11ed71d798c6 | Response Status = 200

2024-03-27T13:27:28.801Z: [REQ] : a26ddb31-3cd9-411d-a276-45d6f77a6fe0 | Client Address = ::ffff:127.0.0.1, Request URL= http://localhost:8087/

2024-03-27T13:27:28.801Z: [INF] : a26ddb31-3cd9-411d-a276-45d6f77a6fe0 | Method = GET| Body = {} | Params = {} | Query = 

2024-03-27T13:27:28.801Z: [RES] : a26ddb31-3cd9-411d-a276-45d6f77a6fe0 | Response Status = 200

2024-03-27T13:27:30.590Z: [REQ] : 915d2eaa-f4c0-403b-943b-37944df58a71 | Client Address = ::ffff:127.0.0.1, Request URL= http://localhost:8082/

2024-03-27T13:27:30.590Z: [INF] : 915d2eaa-f4c0-403b-943b-37944df58a71 | Method = GET| Body = {} | Params = {} | Query = 

2024-03-27T13:27:30.590Z: [RES] : 915d2eaa-f4c0-403b-943b-37944df58a71 | Response Status = 200

2024-03-27T13:34:25.676Z: [REQ] : 2b276f0d-354d-4af0-9062-43840c43c6de | Client Address = ::1, Request URL= http://localhost:8089/

2024-03-27T13:34:25.676Z: [INF] : 2b276f0d-354d-4af0-9062-43840c43c6de | Method = GET| Body = {} | Params = {} | Query = 

2024-03-27T13:34:25.676Z: [RES] : 2b276f0d-354d-4af0-9062-43840c43c6de | Response Status = 200

2024-03-27T13:34:25.704Z: [REQ] : 7967089c-d8ab-4977-ac70-8da748658d41 | Client Address = ::1, Request URL= http://localhost:8089/favicon.ico

2024-03-27T13:34:25.704Z: [INF] : 7967089c-d8ab-4977-ac70-8da748658d41 | Method = GET| Body = {} | Params = {} | Query = 

2024-03-27T13:34:25.704Z: [RES] : 7967089c-d8ab-4977-ac70-8da748658d41 | Response Status = 404

2024-03-27T13:34:54.938Z: [REQ] : 53362f61-0997-426e-b9e1-2ca76a01558f | Client Address = ::1, Request URL= http://localhost:8089/

2024-03-27T13:34:54.938Z: [INF] : 53362f61-0997-426e-b9e1-2ca76a01558f | Method = GET| Body = {} | Params = {} | Query = 

2024-03-27T13:34:54.938Z: [RES] : 53362f61-0997-426e-b9e1-2ca76a01558f | Response Status = 304

2024-03-27T13:35:01.254Z: [REQ] : 99ee9684-395d-4041-8e69-a2ea852c7191 | Client Address = ::1, Request URL= http://localhost:8089/

2024-03-27T13:35:01.254Z: [INF] : 99ee9684-395d-4041-8e69-a2ea852c7191 | Method = GET| Body = {} | Params = {} | Query = 

2024-03-27T13:35:01.254Z: [RES] : 99ee9684-395d-4041-8e69-a2ea852c7191 | Response Status = 304

2024-03-27T13:35:40.283Z: [REQ] : 63ff5454-6b42-45e5-a01b-01a21262a08c | Client Address = ::ffff:127.0.0.1, Request URL= http://localhost:8083/

2024-03-27T13:35:40.283Z: [INF] : 63ff5454-6b42-45e5-a01b-01a21262a08c | Method = GET| Body = {} | Params = {} | Query = 

2024-03-27T13:35:40.283Z: [RES] : 63ff5454-6b42-45e5-a01b-01a21262a08c | Response Status = 200

